#
# A fatal error has been detected by the Java Runtime Environment:
#
#  SIGSEGV (0xb) at pc=0x00007ff80e7b33e6, pid=12928, tid=26119
#
# JRE version: OpenJDK Runtime Environment (17.0.1+12) (build 17.0.1+12-39)
# Java VM: OpenJDK 64-Bit Server VM (17.0.1+12-39, mixed mode, sharing, tiered, compressed oops, compressed class ptrs, g1 gc, bsd-amd64)
# Problematic frame:
# C  [libsystem_platform.dylib+0x23e6]  _platform_strstr+0x2a
#
# No core dump will be written. Core dumps have been disabled. To enable core dumping, try "ulimit -c unlimited" before starting Java again
#
# If you would like to submit a bug report, please visit:
#   https://bugreport.java.com/bugreport/crash.jsp
# The crash happened outside the Java Virtual Machine in native code.
# See problematic frame for where to report the bug.
#

---------------  S U M M A R Y ------------

Command Line: --add-modules=jdk.incubator.foreign -Dfile.encoding=UTF-8 -Duser.country=RU -Duser.language=ru -Duser.variant ok.dht.test.kurdyukov.Main

Host: "MacBookPro16,1" x86_64 2600 MHz, 12 cores, 32G, Darwin 21.2.0, macOS 12.1 (21C52)
Time: Wed Oct  5 12:06:11 2022 MSK elapsed time: 3115.244420 seconds (0d 0h 51m 55s)

---------------  T H R E A D  ---------------

Current thread (0x00007f7c4e866200):  JavaThread "Attach Listener" daemon [_thread_in_native, id=26119, stack(0x000070000b7d0000,0x000070000b8d0000)]

Stack: [0x000070000b7d0000,0x000070000b8d0000],  sp=0x000070000b8cdac0,  free space=1014k
Native frames: (J=compiled Java code, j=interpreted, Vv=VM code, C=native code)
C  [libsystem_platform.dylib+0x23e6]  _platform_strstr+0x2a
C  [libasyncProfiler.so+0x824a]  _ZN10FlameGraph4dumpERNSt3__113basic_ostreamIcNS0_11char_traitsIcEEEEb+0x3aa
C  [libasyncProfiler.so+0x1c833]  _ZN8Profiler14dumpFlameGraphERNSt3__113basic_ostreamIcNS0_11char_traitsIcEEEER9Argumentsb+0x753
C  [libasyncProfiler.so+0x1bd40]  _ZN8Profiler4dumpERNSt3__113basic_ostreamIcNS0_11char_traitsIcEEEER9Arguments+0x150
C  [libasyncProfiler.so+0x12862]  _ZN8Profiler11runInternalER9ArgumentsRNSt3__113basic_ostreamIcNS2_11char_traitsIcEEEE+0x82
C  [libasyncProfiler.so+0x1dd14]  _ZN8Profiler3runER9Arguments+0xe4
C  [libasyncProfiler.so+0x20000]  Agent_OnAttach+0x170
V  [libjvm.dylib+0x6c54ed]  _ZN11JvmtiExport18load_agent_libraryEPKcS1_S1_P12outputStream+0x26d
V  [libjvm.dylib+0x1a4c0a]  _ZL10load_agentP15AttachOperationP12outputStream+0x4a
V  [libjvm.dylib+0x1a4aae]  _ZL28attach_listener_thread_entryP10JavaThreadS0_+0x23e
V  [libjvm.dylib+0x9f0607]  _ZN10JavaThread17thread_main_innerEv+0x147
V  [libjvm.dylib+0x9eea1a]  _ZN6Thread8call_runEv+0x11a
V  [libjvm.dylib+0x882ea8]  _ZL19thread_native_entryP6Thread+0x148
C  [libsystem_pthread.dylib+0x64f4]  _pthread_start+0x7d
C  [libsystem_pthread.dylib+0x200f]  thread_start+0xf


siginfo: si_signo: 11 (SIGSEGV), si_code: 1 (SEGV_MAPERR), si_addr: 0x0000000000000014

Register to memory mapping:

RAX=0x0000000000000016 is an unknown value
RBX=0x0 is NULL
RCX=0x000000000000000c is an unknown value
RDX=0x000000010cc2fd6c: <offset 0x2fd6c> in /Users/kurdyukov-kir/IdeaProjects/async-profiler/build/libasyncProfiler.so at 0x000000010cc00000
RSP=0x000070000b8cdac0 is pointing into the stack for thread: 0x00007f7c4e866200
RBP=0x000070000b8cdaf0 is pointing into the stack for thread: 0x00007f7c4e866200
RSI=0x0000000000000004 is an unknown value
RDI=0x0000000000000014 is an unknown value
R8 =0x000000000000002a is an unknown value
R9 =0x0000000000000020 is an unknown value
R10=0x0 is NULL
R11=0x00000f7c123b55b2 is an unknown value
R12=0x0000000000000016 is an unknown value
R13=0x000000010cc35d2f: FLAMEGRAPH_TEMPLATE+0x17af in /Users/kurdyukov-kir/IdeaProjects/async-profiler/build/libasyncProfiler.so at 0x000000010cc00000
R14=0x000000010cc2fd6c: <offset 0x2fd6c> in /Users/kurdyukov-kir/IdeaProjects/async-profiler/build/libasyncProfiler.so at 0x000000010cc00000
R15=0x0000000000000014 is an unknown value


Registers:
RAX=0x0000000000000016, RBX=0x0000000000000000, RCX=0x000000000000000c, RDX=0x000000010cc2fd6c
RSP=0x000070000b8cdac0, RBP=0x000070000b8cdaf0, RSI=0x0000000000000004, RDI=0x0000000000000014
R8 =0x000000000000002a, R9 =0x0000000000000020, R10=0x0000000000000000, R11=0x00000f7c123b55b2
R12=0x0000000000000016, R13=0x000000010cc35d2f, R14=0x000000010cc2fd6c, R15=0x0000000000000014
RIP=0x00007ff80e7b33e6, EFLAGS=0x0000000000010202, ERR=0x0000000000000004
  TRAPNO=0x000000000000000e

Top of Stack: (sp=0x000070000b8cdac0)
0x000070000b8cdac0:   000070000b8cf0d8 0000000000000000
0x000070000b8cdad0:   000070000b8cf0d8 000000010cc35d68
0x000070000b8cdae0:   000070000b8cdf58 0000000000000012
0x000070000b8cdaf0:   000070000b8cdb50 000000010cc0824a
0x000070000b8cdb00:   0000000000000000 0000600000a66dc0
0x000070000b8cdb10:   000070000b8cdb50 0000600000a64000
0x000070000b8cdb20:   428b88813f140094 000070000b8cf350
0x000070000b8cdb30:   000000013b81f4f8 0000600002f531b8
0x000070000b8cdb40:   000000000000001c 000070000b8cdc18
0x000070000b8cdb50:   000070000b8cf030 000000010cc1c833
0x000070000b8cdb60:   000070000b8cf0d8 00006000022397f0
0x000070000b8cdb70:   00006000022397c0 00006000022397f8
0x000070000b8cdb80:   0000600002239800 000000000d8106d6
0x000070000b8cdb90:   00007f7c10038000 000070000b8cf350
0x000070000b8cdba0:   0000600002f53138 0000000000000909
0x000070000b8cdbb0:   0000000000000002 0000000000000021
0x000070000b8cdbc0:   000000000000001c 0000600000a66dc0
0x000070000b8cdbd0:   00006000014507e0 00006000014507e0
0x000070000b8cdbe0:   0000000000000002 0000000000000000
0x000070000b8cdbf0:   0000000000000000 0000000000000000
0x000070000b8cdc00:   0000000000000000 0000000000000000
0x000070000b8cdc10:   0000000000000000 2e6f696e2e656e6f
0x000070000b8cdc20:   7474482e70747468 6e6f697373655370
0x000070000b8cdc30:   736552005d695b5f 6b630065736e6f70
0x000070000b8cdc40:   726961666e6f4e24 5d695b5f636e7953
0x000070000b8cdc50:   746e496572697500 6269747075727265
0x000070000b8cdc60:   00006e750000796c 0000000000000000
0x000070000b8cdc70:   0000000000000000 0000000000000000
0x000070000b8cdc80:   0000000000000000 0000000000000000
0x000070000b8cdc90:   0000000000000000 0000000000000000
0x000070000b8cdca0:   0000000000000000 0000000000000000
0x000070000b8cdcb0:   0000000000000000 0000000000000000 

Instructions: (pc=0x00007ff80e7b33e6)
0x00007ff80e7b32e6:   8b 55 d4 e9 75 ff ff ff 48 83 c4 08 5b 41 5c 41
0x00007ff80e7b32f6:   5d 41 5e 41 5f 5d c3 41 81 e4 ff ff ff fe 48 8d
0x00007ff80e7b3306:   0d 90 66 00 00 4c 89 e0 48 89 0d 4b 72 84 41 48
0x00007ff80e7b3316:   89 05 74 72 84 41 0f 0b 89 d7 e8 a4 5b 00 00 83
0x00007ff80e7b3326:   f8 69 75 05 e8 cc 5b 00 00 89 c0 48 8d 0d 91 66
0x00007ff80e7b3336:   00 00 48 89 0d 21 72 84 41 48 89 05 4a 72 84 41
0x00007ff80e7b3346:   0f 0b 55 48 89 e5 53 50 48 89 fb 89 d7 83 cf 01
0x00007ff80e7b3356:   39 f7 75 2b f6 c2 01 75 2b bf 02 00 00 01 48 89
0x00007ff80e7b3366:   de 31 d2 e8 5a 5d 00 00 85 c0 79 0c f7 d8 83 f8
0x00007ff80e7b3376:   04 74 e6 83 f8 02 75 25 48 83 c4 08 5b 5d c3 e8
0x00007ff80e7b3386:   58 5b 00 00 89 d0 48 8d 0d 5d 66 00 00 48 89 0d
0x00007ff80e7b3396:   c6 71 84 41 48 89 05 ef 71 84 41 0f 0b 89 c0 48
0x00007ff80e7b33a6:   8d 0d 74 66 00 00 48 89 0d ad 71 84 41 48 89 05
0x00007ff80e7b33b6:   d6 71 84 41 0f 0b 55 48 89 e5 41 57 41 56 41 55
0x00007ff80e7b33c6:   41 54 53 50 49 89 ff 44 8a 2e 45 84 ed 74 37 49
0x00007ff80e7b33d6:   89 f6 49 ff c6 4c 89 f7 e8 fd f2 ff ff 49 89 c4
0x00007ff80e7b33e6:   41 8a 07 84 c0 74 24 4c 89 fb 49 ff c7 44 38 e8
0x00007ff80e7b33f6:   75 ee 4c 89 ff 4c 89 f6 4c 89 e2 e8 9a f0 ff ff
0x00007ff80e7b3406:   85 c0 75 dc eb 07 4c 89 fb eb 02 31 db 48 89 d8
0x00007ff80e7b3416:   48 83 c4 08 5b 41 5c 41 5d 41 5e 41 5f 5d c3 90
0x00007ff80e7b3426:   90 90 90 90 90 90 90 90 90 90 49 89 f8 89 f9 f7
0x00007ff80e7b3436:   d9 83 e1 0f 75 1f 89 f0 b9 00 10 00 00 25 ff 0f
0x00007ff80e7b3446:   00 00 29 c1 48 39 d1 48 0f 47 ca c1 e9 04 75 4a
0x00007ff80e7b3456:   b9 10 00 00 00 48 83 fa 1f 77 0f 89 d1 85 d2 75
0x00007ff80e7b3466:   09 e9 ac 00 00 00 0f 1f 40 00 0f b6 06 48 83 c6
0x00007ff80e7b3476:   01 48 83 ea 01 88 07 48 83 c7 01 85 c0 0f 84 83
0x00007ff80e7b3486:   00 00 00 48 83 e9 01 75 e1 48 85 d2 75 a8 e9 7f
0x00007ff80e7b3496:   00 00 00 0f 1f 80 00 00 00 00 f3 0f 6f 0e 66 0f
0x00007ff80e7b34a6:   ef c0 48 83 c6 10 66 0f 74 c1 66 0f d7 c0 85 c0
0x00007ff80e7b34b6:   75 13 66 0f 7f 0f 48 83 c7 10 48 83 ea 10 83 e9
0x00007ff80e7b34c6:   01 75 d7 eb 8b 0f bc c8 48 29 ca f6 c1 08 74 0d
0x00007ff80e7b34d6:   66 0f d6 0f 66 0f 73 d9 08 48 83 c7 08 f6 c1 04 


Stack slot to memory mapping:
stack at sp + 0 slots: 0x000070000b8cf0d8 is pointing into the stack for thread: 0x00007f7c4e866200
stack at sp + 1 slots: 0x0 is NULL
stack at sp + 2 slots: 0x000070000b8cf0d8 is pointing into the stack for thread: 0x00007f7c4e866200
stack at sp + 3 slots: 0x000000010cc35d68: FLAMEGRAPH_TEMPLATE+0x17e8 in /Users/kurdyukov-kir/IdeaProjects/async-profiler/build/libasyncProfiler.so at 0x000000010cc00000
stack at sp + 4 slots: 0x000070000b8cdf58 is pointing into the stack for thread: 0x00007f7c4e866200
stack at sp + 5 slots: 0x0000000000000012 is an unknown value
stack at sp + 6 slots: 0x000070000b8cdb50 is pointing into the stack for thread: 0x00007f7c4e866200
stack at sp + 7 slots: 0x000000010cc0824a: _ZN10FlameGraph4dumpERNSt3__113basic_ostreamIcNS0_11char_traitsIcEEEEb+0x3aa in /Users/kurdyukov-kir/IdeaProjects/async-profiler/build/libasyncProfiler.so at 0x000000010cc00000


---------------  P R O C E S S  ---------------

Threads class SMR info:
_java_thread_list=0x0000600000a5cce0, length=60, elements={
0x00007f7c58811600, 0x00007f7c1d80a800, 0x00007f7c0d008200, 0x00007f7c0d00aa00,
0x00007f7c4f014400, 0x00007f7c1e80a400, 0x00007f7c4f80b200, 0x00007f7c4f813800,
0x00007f7c1d80c000, 0x00007f7c4e80d400, 0x00007f7c1d00f800, 0x00007f7c1d00fe00,
0x00007f7c0d008800, 0x00007f7c2d0c6200, 0x00007f7c2d0c6800, 0x00007f7c0d008e00,
0x00007f7c0d009400, 0x00007f7c4d00ee00, 0x00007f7c4f87ee00, 0x00007f7c4e81da00,
0x00007f7c2d089800, 0x00007f7c4e8a6800, 0x00007f7c58809000, 0x00007f7c1d010400,
0x00007f7c4e8a6e00, 0x00007f7c4e866200, 0x00007f7c1e808200, 0x00007f7c2d0c4000,
0x00007f7c1e808800, 0x00007f7c2d0c4600, 0x00007f7c4d04b800, 0x00007f7c5802a600,
0x00007f7c58846600, 0x00007f7c4f0a1000, 0x00007f7c4e043e00, 0x00007f7c4d04be00,
0x00007f7c0d019600, 0x00007f7c1d011200, 0x00007f7c5803f600, 0x00007f7c4d049600,
0x00007f7c2d08d200, 0x00007f7c2d08d800, 0x00007f7c5803fc00, 0x00007f7c1e81f600,
0x00007f7c58028600, 0x00007f7c4f809000, 0x00007f7c1e808e00, 0x00007f7c0d019c00,
0x00007f7c4e88fc00, 0x00007f7c2d08a800, 0x00007f7c4e890200, 0x00007f7c58028c00,
0x00007f7c58029200, 0x00007f7c4d04c400, 0x00007f7c58029800, 0x00007f7c2d0c4c00,
0x00007f7c4e02a600, 0x00007f7c1d89ac00, 0x00007f7c4e854000, 0x00007f7c1d26a800
}

Java Threads: ( => current thread )
  0x00007f7c58811600 JavaThread "Reference Handler" daemon [_thread_blocked, id=17155, stack(0x000070000aba9000,0x000070000aca9000)]
  0x00007f7c1d80a800 JavaThread "Finalizer" daemon [_thread_blocked, id=16643, stack(0x000070000acac000,0x000070000adac000)]
  0x00007f7c0d008200 JavaThread "Signal Dispatcher" daemon [_thread_blocked, id=42499, stack(0x000070000aeb5000,0x000070000afb5000)]
  0x00007f7c0d00aa00 JavaThread "Service Thread" daemon [_thread_blocked, id=42243, stack(0x000070000afb8000,0x000070000b0b8000)]
  0x00007f7c4f014400 JavaThread "Monitor Deflation Thread" daemon [_thread_blocked, id=23555, stack(0x000070000b0bb000,0x000070000b1bb000)]
  0x00007f7c1e80a400 JavaThread "C2 CompilerThread0" daemon [_thread_blocked, id=24067, stack(0x000070000b1be000,0x000070000b2be000)]
  0x00007f7c4f80b200 JavaThread "C1 CompilerThread0" daemon [_thread_blocked, id=24323, stack(0x000070000b2c1000,0x000070000b3c1000)]
  0x00007f7c4f813800 JavaThread "Sweeper thread" daemon [_thread_blocked, id=24835, stack(0x000070000b3c4000,0x000070000b4c4000)]
  0x00007f7c1d80c000 JavaThread "Common-Cleaner" daemon [_thread_blocked, id=41731, stack(0x000070000b4c7000,0x000070000b5c7000)]
  0x00007f7c4e80d400 JavaThread "Notification Thread" daemon [_thread_blocked, id=41219, stack(0x000070000b5ca000,0x000070000b6ca000)]
  0x00007f7c1d00f800 JavaThread "NIO Selector #0" [_thread_in_native, id=40707, stack(0x000070000b8d3000,0x000070000b9d3000)]
  0x00007f7c1d00fe00 JavaThread "NIO Selector #1" [_thread_in_native, id=40451, stack(0x000070000b9d6000,0x000070000bad6000)]
  0x00007f7c0d008800 JavaThread "NIO Selector #2" [_thread_in_native, id=40195, stack(0x000070000bad9000,0x000070000bbd9000)]
  0x00007f7c2d0c6200 JavaThread "NIO Selector #3" [_thread_in_native, id=39683, stack(0x000070000bbdc000,0x000070000bcdc000)]
  0x00007f7c2d0c6800 JavaThread "NIO Selector #4" [_thread_in_native, id=27139, stack(0x000070000bcdf000,0x000070000bddf000)]
  0x00007f7c0d008e00 JavaThread "NIO Selector #5" [_thread_in_native, id=39171, stack(0x000070000bde2000,0x000070000bee2000)]
  0x00007f7c0d009400 JavaThread "NIO Selector #6" [_thread_in_native, id=27395, stack(0x000070000bee5000,0x000070000bfe5000)]
  0x00007f7c4d00ee00 JavaThread "NIO Selector #7" [_thread_in_native, id=38659, stack(0x000070000bfe8000,0x000070000c0e8000)]
  0x00007f7c4f87ee00 JavaThread "NIO Selector #8" [_thread_in_native, id=28163, stack(0x000070000c0eb000,0x000070000c1eb000)]
  0x00007f7c4e81da00 JavaThread "NIO Selector #9" [_thread_in_native, id=28419, stack(0x000070000c1ee000,0x000070000c2ee000)]
  0x00007f7c2d089800 JavaThread "NIO Selector #10" [_thread_in_native, id=28675, stack(0x000070000c2f1000,0x000070000c3f1000)]
  0x00007f7c4e8a6800 JavaThread "NIO Selector #11" [_thread_in_native, id=28931, stack(0x000070000c3f4000,0x000070000c4f4000)]
  0x00007f7c58809000 JavaThread "NIO Acceptor localhost:4242 #0" [_thread_in_native, id=29187, stack(0x000070000c4f7000,0x000070000c5f7000)]
  0x00007f7c1d010400 JavaThread "NIO Cleanup" [_thread_blocked, id=37123, stack(0x000070000c5fa000,0x000070000c6fa000)]
  0x00007f7c4e8a6e00 JavaThread "DestroyJavaVM" [_thread_blocked, id=6147, stack(0x000070000a494000,0x000070000a594000)]
=>0x00007f7c4e866200 JavaThread "Attach Listener" daemon [_thread_in_native, id=26119, stack(0x000070000b7d0000,0x000070000b8d0000)]
  0x00007f7c1e808200 JavaThread "pool-1-thread-1" [_thread_blocked, id=34819, stack(0x000070000d11b000,0x000070000d21b000)]
  0x00007f7c2d0c4000 JavaThread "pool-1-thread-2" [_thread_blocked, id=34563, stack(0x000070000d21e000,0x000070000d31e000)]
  0x00007f7c1e808800 JavaThread "pool-1-thread-6" [_thread_blocked, id=33283, stack(0x000070000d321000,0x000070000d421000)]
  0x00007f7c2d0c4600 JavaThread "pool-1-thread-7" [_thread_blocked, id=33795, stack(0x000070000d424000,0x000070000d524000)]
  0x00007f7c4d04b800 JavaThread "pool-1-thread-3" [_thread_blocked, id=43523, stack(0x000070000d527000,0x000070000d627000)]
  0x00007f7c5802a600 JavaThread "pool-1-thread-8" [_thread_blocked, id=86787, stack(0x000070000d62a000,0x000070000d72a000)]
  0x00007f7c58846600 JavaThread "pool-1-thread-4" [_thread_blocked, id=44035, stack(0x000070000d72d000,0x000070000d82d000)]
  0x00007f7c4f0a1000 JavaThread "pool-1-thread-5" [_thread_blocked, id=44547, stack(0x000070000d830000,0x000070000d930000)]
  0x00007f7c4e043e00 JavaThread "pool-1-thread-9" [_thread_blocked, id=86531, stack(0x000070000d933000,0x000070000da33000)]
  0x00007f7c4d04be00 JavaThread "pool-1-thread-10" [_thread_blocked, id=45315, stack(0x000070000da36000,0x000070000db36000)]
  0x00007f7c0d019600 JavaThread "pool-1-thread-11" [_thread_blocked, id=45571, stack(0x000070000db39000,0x000070000dc39000)]
  0x00007f7c1d011200 JavaThread "pool-1-thread-12" [_thread_blocked, id=86019, stack(0x000070000dc3c000,0x000070000dd3c000)]
  0x00007f7c5803f600 JavaThread "pool-1-thread-13" [_thread_blocked, id=85763, stack(0x000070000dd3f000,0x000070000de3f000)]
  0x00007f7c4d049600 JavaThread "pool-1-thread-24" [_thread_blocked, id=85507, stack(0x000070000de42000,0x000070000df42000)]
  0x00007f7c2d08d200 JavaThread "pool-1-thread-15" [_thread_blocked, id=84995, stack(0x000070000df45000,0x000070000e045000)]
  0x00007f7c2d08d800 JavaThread "pool-1-thread-26" [_thread_blocked, id=46595, stack(0x000070000e048000,0x000070000e148000)]
  0x00007f7c5803fc00 JavaThread "pool-1-thread-17" [_thread_blocked, id=84227, stack(0x000070000e14b000,0x000070000e24b000)]
  0x00007f7c1e81f600 JavaThread "pool-1-thread-18" [_thread_blocked, id=46851, stack(0x000070000e24e000,0x000070000e34e000)]
  0x00007f7c58028600 JavaThread "pool-1-thread-19" [_thread_blocked, id=83715, stack(0x000070000e351000,0x000070000e451000)]
  0x00007f7c4f809000 JavaThread "pool-1-thread-20" [_thread_blocked, id=47363, stack(0x000070000e454000,0x000070000e554000)]
  0x00007f7c1e808e00 JavaThread "pool-1-thread-21" [_thread_blocked, id=47875, stack(0x000070000e557000,0x000070000e657000)]
  0x00007f7c0d019c00 JavaThread "pool-1-thread-22" [_thread_blocked, id=82947, stack(0x000070000e65a000,0x000070000e75a000)]
  0x00007f7c4e88fc00 JavaThread "pool-1-thread-32" [_thread_blocked, id=48387, stack(0x000070000e75d000,0x000070000e85d000)]
  0x00007f7c2d08a800 JavaThread "pool-1-thread-14" [_thread_blocked, id=48643, stack(0x000070000e860000,0x000070000e960000)]
  0x00007f7c4e890200 JavaThread "pool-1-thread-25" [_thread_blocked, id=82179, stack(0x000070000e963000,0x000070000ea63000)]
  0x00007f7c58028c00 JavaThread "pool-1-thread-16" [_thread_blocked, id=48899, stack(0x000070000ea66000,0x000070000eb66000)]
  0x00007f7c58029200 JavaThread "pool-1-thread-27" [_thread_blocked, id=81411, stack(0x000070000eb69000,0x000070000ec69000)]
  0x00007f7c4d04c400 JavaThread "pool-1-thread-28" [_thread_blocked, id=81155, stack(0x000070000ec6c000,0x000070000ed6c000)]
  0x00007f7c58029800 JavaThread "pool-1-thread-29" [_thread_blocked, id=49667, stack(0x000070000ed6f000,0x000070000ee6f000)]
  0x00007f7c2d0c4c00 JavaThread "pool-1-thread-30" [_thread_blocked, id=50179, stack(0x000070000ee72000,0x000070000ef72000)]
  0x00007f7c4e02a600 JavaThread "pool-1-thread-31" [_thread_blocked, id=80899, stack(0x000070000ef75000,0x000070000f075000)]
  0x00007f7c1d89ac00 JavaThread "pool-1-thread-23" [_thread_blocked, id=50691, stack(0x000070000f078000,0x000070000f178000)]
  0x00007f7c4e854000 JavaThread "leveldb-compaction-0" [_thread_blocked, id=50947, stack(0x000070000f381000,0x000070000f481000)]
  0x00007f7c1d26a800 JavaThread "FinalizerQueueProcessor-0" daemon [_thread_blocked, id=79107, stack(0x000070000f484000,0x000070000f584000)]

Other Threads:
  0x00007f7c1cf043e0 VMThread "VM Thread" [stack: 0x000070000aaa6000,0x000070000aba6000] [id=15363]
  0x00007f7c4d807750 WatcherThread [stack: 0x000070000b6cd000,0x000070000b7cd000] [id=25603]
  0x00007f7c4de074d0 GCTaskThread "GC Thread#0" [stack: 0x000070000a597000,0x000070000a697000] [id=12803]
  0x00007f7c4da13800 GCTaskThread "GC Thread#1" [stack: 0x000070000c6fd000,0x000070000c7fd000] [id=29699]
  0x00007f7c4d908ff0 GCTaskThread "GC Thread#2" [stack: 0x000070000c800000,0x000070000c900000] [id=29955]
  0x00007f7c4da13c70 GCTaskThread "GC Thread#3" [stack: 0x000070000c903000,0x000070000ca03000] [id=36355]
  0x00007f7c4dd0a9b0 GCTaskThread "GC Thread#4" [stack: 0x000070000ca06000,0x000070000cb06000] [id=30211]
  0x00007f7c4d909290 GCTaskThread "GC Thread#5" [stack: 0x000070000cb09000,0x000070000cc09000] [id=35587]
  0x00007f7c4dd0ae20 GCTaskThread "GC Thread#6" [stack: 0x000070000cc0c000,0x000070000cd0c000] [id=30723]
  0x00007f7c4d909750 GCTaskThread "GC Thread#7" [stack: 0x000070000cd0f000,0x000070000ce0f000] [id=35331]
  0x00007f7c4dd0b290 GCTaskThread "GC Thread#8" [stack: 0x000070000ce12000,0x000070000cf12000] [id=31235]
  0x00007f7c4da140e0 GCTaskThread "GC Thread#9" [stack: 0x000070000cf15000,0x000070000d015000] [id=31747]
  0x00007f7c4cf04ea0 ConcurrentGCThread "G1 Main Marker" [stack: 0x000070000a69a000,0x000070000a79a000] [id=19971]
  0x00007f7c4cf05720 ConcurrentGCThread "G1 Conc#0" [stack: 0x000070000a79d000,0x000070000a89d000] [id=13059]
  0x00007f7c2cf04080 ConcurrentGCThread "G1 Refine#0" [stack: 0x000070000a8a0000,0x000070000a9a0000] [id=13571]
  0x00007f7c4da043d0 ConcurrentGCThread "G1 Service" [stack: 0x000070000a9a3000,0x000070000aaa3000] [id=14083]

Threads with active compile tasks:

VM state: not at safepoint (normal execution)

VM Mutex/Monitor currently owned by a thread: None

Heap address: 0x0000000600000000, size: 8192 MB, Compressed Oops mode: Zero based, Oop shift amount: 3

CDS archive(s) mapped at: [0x0000000800000000-0x0000000800bd4000-0x0000000800bd4000), size 12402688, SharedBaseAddress: 0x0000000800000000, ArchiveRelocationMode: 0.
Compressed class space mapped at: 0x0000000800c00000-0x0000000840c00000, reserved size: 1073741824
Narrow klass base: 0x0000000800000000, Narrow klass shift: 0, Narrow klass range: 0x100000000

GC Precious Log:
 CPUs: 12 total, 12 available
 Memory: 32768M
 Large Page Support: Disabled
 NUMA Support: Disabled
 Compressed Oops: Enabled (Zero based)
 Heap Region Size: 4M
 Heap Min Capacity: 8M
 Heap Initial Capacity: 512M
 Heap Max Capacity: 8G
 Pre-touch: Disabled
 Parallel Workers: 10
 Concurrent Workers: 3
 Concurrent Refinement Workers: 10
 Periodic GC: Disabled

Heap:
 garbage-first heap   total 532480K, used 30863K [0x0000000600000000, 0x0000000800000000)
  region size 4096K, 3 young (12288K), 1 survivors (4096K)
 Metaspace       used 9063K, committed 9280K, reserved 1064960K
  class space    used 988K, committed 1088K, reserved 1048576K

Heap Regions: E=young(eden), S=young(survivor), O=old, HS=humongous(starts), HC=humongous(continues), CS=collection set, F=free, OA=open archive, CA=closed archive, TAMS=top-at-mark-start (previous, next)
|   0|0x0000000600000000, 0x0000000600400000, 0x0000000600400000|100%| O|  |TAMS 0x0000000600000000, 0x0000000600000000| Untracked 
|   1|0x0000000600400000, 0x0000000600800000, 0x0000000600800000|100%| O|  |TAMS 0x0000000600400000, 0x0000000600400000| Untracked 
|   2|0x0000000600800000, 0x0000000600c00000, 0x0000000600c00000|100%| O|  |TAMS 0x0000000600800000, 0x0000000600800000| Untracked 
|   3|0x0000000600c00000, 0x0000000601000000, 0x0000000601000000|100%| O|  |TAMS 0x0000000600c00000, 0x0000000600c00000| Untracked 
|   4|0x0000000601000000, 0x0000000601400000, 0x0000000601400000|100%| O|  |TAMS 0x0000000601000000, 0x0000000601000000| Untracked 
|   5|0x0000000601400000, 0x0000000601628c00, 0x0000000601800000| 53%| O|  |TAMS 0x0000000601400000, 0x0000000601400000| Untracked 
|   6|0x0000000601800000, 0x0000000601800000, 0x0000000601c00000|  0%| F|  |TAMS 0x0000000601800000, 0x0000000601800000| Untracked 
|   7|0x0000000601c00000, 0x0000000601c00000, 0x0000000602000000|  0%| F|  |TAMS 0x0000000601c00000, 0x0000000601c00000| Untracked 
|   8|0x0000000602000000, 0x0000000602000000, 0x0000000602400000|  0%| F|  |TAMS 0x0000000602000000, 0x0000000602000000| Untracked 
|   9|0x0000000602400000, 0x0000000602400000, 0x0000000602800000|  0%| F|  |TAMS 0x0000000602400000, 0x0000000602400000| Untracked 
|  10|0x0000000602800000, 0x0000000602800000, 0x0000000602c00000|  0%| F|  |TAMS 0x0000000602800000, 0x0000000602800000| Untracked 
|  11|0x0000000602c00000, 0x0000000602c00000, 0x0000000603000000|  0%| F|  |TAMS 0x0000000602c00000, 0x0000000602c00000| Untracked 
|  12|0x0000000603000000, 0x0000000603000000, 0x0000000603400000|  0%| F|  |TAMS 0x0000000603000000, 0x0000000603000000| Untracked 
|  13|0x0000000603400000, 0x0000000603400000, 0x0000000603800000|  0%| F|  |TAMS 0x0000000603400000, 0x0000000603400000| Untracked 
|  14|0x0000000603800000, 0x0000000603800000, 0x0000000603c00000|  0%| F|  |TAMS 0x0000000603800000, 0x0000000603800000| Untracked 
|  15|0x0000000603c00000, 0x0000000603c00000, 0x0000000604000000|  0%| F|  |TAMS 0x0000000603c00000, 0x0000000603c00000| Untracked 
|  16|0x0000000604000000, 0x0000000604000000, 0x0000000604400000|  0%| F|  |TAMS 0x0000000604000000, 0x0000000604000000| Untracked 
|  17|0x0000000604400000, 0x0000000604400000, 0x0000000604800000|  0%| F|  |TAMS 0x0000000604400000, 0x0000000604400000| Untracked 
|  18|0x0000000604800000, 0x0000000604800000, 0x0000000604c00000|  0%| F|  |TAMS 0x0000000604800000, 0x0000000604800000| Untracked 
|  19|0x0000000604c00000, 0x0000000604c00000, 0x0000000605000000|  0%| F|  |TAMS 0x0000000604c00000, 0x0000000604c00000| Untracked 
|  20|0x0000000605000000, 0x0000000605000000, 0x0000000605400000|  0%| F|  |TAMS 0x0000000605000000, 0x0000000605000000| Untracked 
|  21|0x0000000605400000, 0x0000000605400000, 0x0000000605800000|  0%| F|  |TAMS 0x0000000605400000, 0x0000000605400000| Untracked 
|  22|0x0000000605800000, 0x0000000605800000, 0x0000000605c00000|  0%| F|  |TAMS 0x0000000605800000, 0x0000000605800000| Untracked 
|  23|0x0000000605c00000, 0x0000000605c00000, 0x0000000606000000|  0%| F|  |TAMS 0x0000000605c00000, 0x0000000605c00000| Untracked 
|  24|0x0000000606000000, 0x0000000606000000, 0x0000000606400000|  0%| F|  |TAMS 0x0000000606000000, 0x0000000606000000| Untracked 
|  25|0x0000000606400000, 0x0000000606400000, 0x0000000606800000|  0%| F|  |TAMS 0x0000000606400000, 0x0000000606400000| Untracked 
|  26|0x0000000606800000, 0x0000000606800000, 0x0000000606c00000|  0%| F|  |TAMS 0x0000000606800000, 0x0000000606800000| Untracked 
|  27|0x0000000606c00000, 0x0000000606c00000, 0x0000000607000000|  0%| F|  |TAMS 0x0000000606c00000, 0x0000000606c00000| Untracked 
|  28|0x0000000607000000, 0x0000000607000000, 0x0000000607400000|  0%| F|  |TAMS 0x0000000607000000, 0x0000000607000000| Untracked 
|  29|0x0000000607400000, 0x0000000607400000, 0x0000000607800000|  0%| F|  |TAMS 0x0000000607400000, 0x0000000607400000| Untracked 
|  30|0x0000000607800000, 0x0000000607800000, 0x0000000607c00000|  0%| F|  |TAMS 0x0000000607800000, 0x0000000607800000| Untracked 
|  31|0x0000000607c00000, 0x0000000607c00000, 0x0000000608000000|  0%| F|  |TAMS 0x0000000607c00000, 0x0000000607c00000| Untracked 
|  32|0x0000000608000000, 0x0000000608000000, 0x0000000608400000|  0%| F|  |TAMS 0x0000000608000000, 0x0000000608000000| Untracked 
|  33|0x0000000608400000, 0x0000000608400000, 0x0000000608800000|  0%| F|  |TAMS 0x0000000608400000, 0x0000000608400000| Untracked 
|  34|0x0000000608800000, 0x0000000608800000, 0x0000000608c00000|  0%| F|  |TAMS 0x0000000608800000, 0x0000000608800000| Untracked 
|  35|0x0000000608c00000, 0x0000000608c00000, 0x0000000609000000|  0%| F|  |TAMS 0x0000000608c00000, 0x0000000608c00000| Untracked 
|  36|0x0000000609000000, 0x0000000609000000, 0x0000000609400000|  0%| F|  |TAMS 0x0000000609000000, 0x0000000609000000| Untracked 
|  37|0x0000000609400000, 0x0000000609400000, 0x0000000609800000|  0%| F|  |TAMS 0x0000000609400000, 0x0000000609400000| Untracked 
|  38|0x0000000609800000, 0x0000000609800000, 0x0000000609c00000|  0%| F|  |TAMS 0x0000000609800000, 0x0000000609800000| Untracked 
|  39|0x0000000609c00000, 0x0000000609c00000, 0x000000060a000000|  0%| F|  |TAMS 0x0000000609c00000, 0x0000000609c00000| Untracked 
|  40|0x000000060a000000, 0x000000060a000000, 0x000000060a400000|  0%| F|  |TAMS 0x000000060a000000, 0x000000060a000000| Untracked 
|  41|0x000000060a400000, 0x000000060a400000, 0x000000060a800000|  0%| F|  |TAMS 0x000000060a400000, 0x000000060a400000| Untracked 
|  42|0x000000060a800000, 0x000000060a800000, 0x000000060ac00000|  0%| F|  |TAMS 0x000000060a800000, 0x000000060a800000| Untracked 
|  43|0x000000060ac00000, 0x000000060ac00000, 0x000000060b000000|  0%| F|  |TAMS 0x000000060ac00000, 0x000000060ac00000| Untracked 
|  44|0x000000060b000000, 0x000000060b000000, 0x000000060b400000|  0%| F|  |TAMS 0x000000060b000000, 0x000000060b000000| Untracked 
|  45|0x000000060b400000, 0x000000060b400000, 0x000000060b800000|  0%| F|  |TAMS 0x000000060b400000, 0x000000060b400000| Untracked 
|  46|0x000000060b800000, 0x000000060b800000, 0x000000060bc00000|  0%| F|  |TAMS 0x000000060b800000, 0x000000060b800000| Untracked 
|  47|0x000000060bc00000, 0x000000060bc00000, 0x000000060c000000|  0%| F|  |TAMS 0x000000060bc00000, 0x000000060bc00000| Untracked 
|  48|0x000000060c000000, 0x000000060c000000, 0x000000060c400000|  0%| F|  |TAMS 0x000000060c000000, 0x000000060c000000| Untracked 
|  49|0x000000060c400000, 0x000000060c400000, 0x000000060c800000|  0%| F|  |TAMS 0x000000060c400000, 0x000000060c400000| Untracked 
|  50|0x000000060c800000, 0x000000060c800000, 0x000000060cc00000|  0%| F|  |TAMS 0x000000060c800000, 0x000000060c800000| Untracked 
|  51|0x000000060cc00000, 0x000000060cc06188, 0x000000060d000000|  0%| S|CS|TAMS 0x000000060cc00000, 0x000000060cc00000| Complete 
|  52|0x000000060d000000, 0x000000060d000000, 0x000000060d400000|  0%| F|  |TAMS 0x000000060d000000, 0x000000060d000000| Untracked 
|  53|0x000000060d400000, 0x000000060d400000, 0x000000060d800000|  0%| F|  |TAMS 0x000000060d400000, 0x000000060d400000| Untracked 
|  54|0x000000060d800000, 0x000000060d800000, 0x000000060dc00000|  0%| F|  |TAMS 0x000000060d800000, 0x000000060d800000| Untracked 
|  55|0x000000060dc00000, 0x000000060dc00000, 0x000000060e000000|  0%| F|  |TAMS 0x000000060dc00000, 0x000000060dc00000| Untracked 
|  56|0x000000060e000000, 0x000000060e000000, 0x000000060e400000|  0%| F|  |TAMS 0x000000060e000000, 0x000000060e000000| Untracked 
|  57|0x000000060e400000, 0x000000060e400000, 0x000000060e800000|  0%| F|  |TAMS 0x000000060e400000, 0x000000060e400000| Untracked 
|  58|0x000000060e800000, 0x000000060e800000, 0x000000060ec00000|  0%| F|  |TAMS 0x000000060e800000, 0x000000060e800000| Untracked 
|  59|0x000000060ec00000, 0x000000060ec00000, 0x000000060f000000|  0%| F|  |TAMS 0x000000060ec00000, 0x000000060ec00000| Untracked 
|  60|0x000000060f000000, 0x000000060f000000, 0x000000060f400000|  0%| F|  |TAMS 0x000000060f000000, 0x000000060f000000| Untracked 
|  61|0x000000060f400000, 0x000000060f400000, 0x000000060f800000|  0%| F|  |TAMS 0x000000060f400000, 0x000000060f400000| Untracked 
|  62|0x000000060f800000, 0x000000060f800000, 0x000000060fc00000|  0%| F|  |TAMS 0x000000060f800000, 0x000000060f800000| Untracked 
|  63|0x000000060fc00000, 0x000000060fc00000, 0x0000000610000000|  0%| F|  |TAMS 0x000000060fc00000, 0x000000060fc00000| Untracked 
|  64|0x0000000610000000, 0x0000000610000000, 0x0000000610400000|  0%| F|  |TAMS 0x0000000610000000, 0x0000000610000000| Untracked 
|  65|0x0000000610400000, 0x0000000610400000, 0x0000000610800000|  0%| F|  |TAMS 0x0000000610400000, 0x0000000610400000| Untracked 
|  66|0x0000000610800000, 0x0000000610800000, 0x0000000610c00000|  0%| F|  |TAMS 0x0000000610800000, 0x0000000610800000| Untracked 
|  67|0x0000000610c00000, 0x0000000610c00000, 0x0000000611000000|  0%| F|  |TAMS 0x0000000610c00000, 0x0000000610c00000| Untracked 
|  68|0x0000000611000000, 0x0000000611000000, 0x0000000611400000|  0%| F|  |TAMS 0x0000000611000000, 0x0000000611000000| Untracked 
|  69|0x0000000611400000, 0x0000000611400000, 0x0000000611800000|  0%| F|  |TAMS 0x0000000611400000, 0x0000000611400000| Untracked 
|  70|0x0000000611800000, 0x0000000611800000, 0x0000000611c00000|  0%| F|  |TAMS 0x0000000611800000, 0x0000000611800000| Untracked 
|  71|0x0000000611c00000, 0x0000000611c00000, 0x0000000612000000|  0%| F|  |TAMS 0x0000000611c00000, 0x0000000611c00000| Untracked 
|  72|0x0000000612000000, 0x0000000612000000, 0x0000000612400000|  0%| F|  |TAMS 0x0000000612000000, 0x0000000612000000| Untracked 
|  73|0x0000000612400000, 0x0000000612400000, 0x0000000612800000|  0%| F|  |TAMS 0x0000000612400000, 0x0000000612400000| Untracked 
|  74|0x0000000612800000, 0x0000000612800000, 0x0000000612c00000|  0%| F|  |TAMS 0x0000000612800000, 0x0000000612800000| Untracked 
|  75|0x0000000612c00000, 0x0000000612c00000, 0x0000000613000000|  0%| F|  |TAMS 0x0000000612c00000, 0x0000000612c00000| Untracked 
|  76|0x0000000613000000, 0x0000000613000000, 0x0000000613400000|  0%| F|  |TAMS 0x0000000613000000, 0x0000000613000000| Untracked 
|  77|0x0000000613400000, 0x0000000613400000, 0x0000000613800000|  0%| F|  |TAMS 0x0000000613400000, 0x0000000613400000| Untracked 
|  78|0x0000000613800000, 0x0000000613800000, 0x0000000613c00000|  0%| F|  |TAMS 0x0000000613800000, 0x0000000613800000| Untracked 
|  79|0x0000000613c00000, 0x0000000613c00000, 0x0000000614000000|  0%| F|  |TAMS 0x0000000613c00000, 0x0000000613c00000| Untracked 
|  80|0x0000000614000000, 0x0000000614000000, 0x0000000614400000|  0%| F|  |TAMS 0x0000000614000000, 0x0000000614000000| Untracked 
|  81|0x0000000614400000, 0x0000000614400000, 0x0000000614800000|  0%| F|  |TAMS 0x0000000614400000, 0x0000000614400000| Untracked 
|  82|0x0000000614800000, 0x0000000614800000, 0x0000000614c00000|  0%| F|  |TAMS 0x0000000614800000, 0x0000000614800000| Untracked 
|  83|0x0000000614c00000, 0x0000000614c00000, 0x0000000615000000|  0%| F|  |TAMS 0x0000000614c00000, 0x0000000614c00000| Untracked 
|  84|0x0000000615000000, 0x0000000615000000, 0x0000000615400000|  0%| F|  |TAMS 0x0000000615000000, 0x0000000615000000| Untracked 
|  85|0x0000000615400000, 0x0000000615400000, 0x0000000615800000|  0%| F|  |TAMS 0x0000000615400000, 0x0000000615400000| Untracked 
|  86|0x0000000615800000, 0x0000000615800000, 0x0000000615c00000|  0%| F|  |TAMS 0x0000000615800000, 0x0000000615800000| Untracked 
|  87|0x0000000615c00000, 0x0000000615c00000, 0x0000000616000000|  0%| F|  |TAMS 0x0000000615c00000, 0x0000000615c00000| Untracked 
|  88|0x0000000616000000, 0x0000000616000000, 0x0000000616400000|  0%| F|  |TAMS 0x0000000616000000, 0x0000000616000000| Untracked 
|  89|0x0000000616400000, 0x0000000616400000, 0x0000000616800000|  0%| F|  |TAMS 0x0000000616400000, 0x0000000616400000| Untracked 
|  90|0x0000000616800000, 0x0000000616800000, 0x0000000616c00000|  0%| F|  |TAMS 0x0000000616800000, 0x0000000616800000| Untracked 
|  91|0x0000000616c00000, 0x0000000616c00000, 0x0000000617000000|  0%| F|  |TAMS 0x0000000616c00000, 0x0000000616c00000| Untracked 
|  92|0x0000000617000000, 0x0000000617000000, 0x0000000617400000|  0%| F|  |TAMS 0x0000000617000000, 0x0000000617000000| Untracked 
|  93|0x0000000617400000, 0x0000000617400000, 0x0000000617800000|  0%| F|  |TAMS 0x0000000617400000, 0x0000000617400000| Untracked 
|  94|0x0000000617800000, 0x0000000617800000, 0x0000000617c00000|  0%| F|  |TAMS 0x0000000617800000, 0x0000000617800000| Untracked 
|  95|0x0000000617c00000, 0x0000000617c00000, 0x0000000618000000|  0%| F|  |TAMS 0x0000000617c00000, 0x0000000617c00000| Untracked 
|  96|0x0000000618000000, 0x0000000618000000, 0x0000000618400000|  0%| F|  |TAMS 0x0000000618000000, 0x0000000618000000| Untracked 
|  97|0x0000000618400000, 0x0000000618400000, 0x0000000618800000|  0%| F|  |TAMS 0x0000000618400000, 0x0000000618400000| Untracked 
|  98|0x0000000618800000, 0x0000000618800000, 0x0000000618c00000|  0%| F|  |TAMS 0x0000000618800000, 0x0000000618800000| Untracked 
|  99|0x0000000618c00000, 0x0000000618c00000, 0x0000000619000000|  0%| F|  |TAMS 0x0000000618c00000, 0x0000000618c00000| Untracked 
| 100|0x0000000619000000, 0x0000000619000000, 0x0000000619400000|  0%| F|  |TAMS 0x0000000619000000, 0x0000000619000000| Untracked 
| 101|0x0000000619400000, 0x0000000619400000, 0x0000000619800000|  0%| F|  |TAMS 0x0000000619400000, 0x0000000619400000| Untracked 
| 102|0x0000000619800000, 0x0000000619800000, 0x0000000619c00000|  0%| F|  |TAMS 0x0000000619800000, 0x0000000619800000| Untracked 
| 103|0x0000000619c00000, 0x0000000619c00000, 0x000000061a000000|  0%| F|  |TAMS 0x0000000619c00000, 0x0000000619c00000| Untracked 
| 104|0x000000061a000000, 0x000000061a000000, 0x000000061a400000|  0%| F|  |TAMS 0x000000061a000000, 0x000000061a000000| Untracked 
| 105|0x000000061a400000, 0x000000061a400000, 0x000000061a800000|  0%| F|  |TAMS 0x000000061a400000, 0x000000061a400000| Untracked 
| 106|0x000000061a800000, 0x000000061a800000, 0x000000061ac00000|  0%| F|  |TAMS 0x000000061a800000, 0x000000061a800000| Untracked 
| 107|0x000000061ac00000, 0x000000061ac00000, 0x000000061b000000|  0%| F|  |TAMS 0x000000061ac00000, 0x000000061ac00000| Untracked 
| 108|0x000000061b000000, 0x000000061b000000, 0x000000061b400000|  0%| F|  |TAMS 0x000000061b000000, 0x000000061b000000| Untracked 
| 109|0x000000061b400000, 0x000000061b400000, 0x000000061b800000|  0%| F|  |TAMS 0x000000061b400000, 0x000000061b400000| Untracked 
| 110|0x000000061b800000, 0x000000061b800000, 0x000000061bc00000|  0%| F|  |TAMS 0x000000061b800000, 0x000000061b800000| Untracked 
| 111|0x000000061bc00000, 0x000000061bc00000, 0x000000061c000000|  0%| F|  |TAMS 0x000000061bc00000, 0x000000061bc00000| Untracked 
| 112|0x000000061c000000, 0x000000061c000000, 0x000000061c400000|  0%| F|  |TAMS 0x000000061c000000, 0x000000061c000000| Untracked 
| 113|0x000000061c400000, 0x000000061c400000, 0x000000061c800000|  0%| F|  |TAMS 0x000000061c400000, 0x000000061c400000| Untracked 
| 114|0x000000061c800000, 0x000000061c800000, 0x000000061cc00000|  0%| F|  |TAMS 0x000000061c800000, 0x000000061c800000| Untracked 
| 115|0x000000061cc00000, 0x000000061cc00000, 0x000000061d000000|  0%| F|  |TAMS 0x000000061cc00000, 0x000000061cc00000| Untracked 
| 116|0x000000061d000000, 0x000000061d000000, 0x000000061d400000|  0%| F|  |TAMS 0x000000061d000000, 0x000000061d000000| Untracked 
| 117|0x000000061d400000, 0x000000061d400000, 0x000000061d800000|  0%| F|  |TAMS 0x000000061d400000, 0x000000061d400000| Untracked 
| 118|0x000000061d800000, 0x000000061d800000, 0x000000061dc00000|  0%| F|  |TAMS 0x000000061d800000, 0x000000061d800000| Untracked 
| 119|0x000000061dc00000, 0x000000061dc00000, 0x000000061e000000|  0%| F|  |TAMS 0x000000061dc00000, 0x000000061dc00000| Untracked 
| 120|0x000000061e000000, 0x000000061e000000, 0x000000061e400000|  0%| F|  |TAMS 0x000000061e000000, 0x000000061e000000| Untracked 
| 121|0x000000061e400000, 0x000000061e400000, 0x000000061e800000|  0%| F|  |TAMS 0x000000061e400000, 0x000000061e400000| Untracked 
| 122|0x000000061e800000, 0x000000061e800000, 0x000000061ec00000|  0%| F|  |TAMS 0x000000061e800000, 0x000000061e800000| Untracked 
| 123|0x000000061ec00000, 0x000000061ec00000, 0x000000061f000000|  0%| F|  |TAMS 0x000000061ec00000, 0x000000061ec00000| Untracked 
| 124|0x000000061f000000, 0x000000061f000000, 0x000000061f400000|  0%| F|  |TAMS 0x000000061f000000, 0x000000061f000000| Untracked 
| 125|0x000000061f400000, 0x000000061f400000, 0x000000061f800000|  0%| F|  |TAMS 0x000000061f400000, 0x000000061f400000| Untracked 
| 126|0x000000061f800000, 0x000000061f9fc160, 0x000000061fc00000| 49%| E|  |TAMS 0x000000061f800000, 0x000000061f800000| Complete 
| 127|0x000000061fc00000, 0x0000000620000000, 0x0000000620000000|100%| E|CS|TAMS 0x000000061fc00000, 0x000000061fc00000| Complete 
|2046|0x00000007ff800000, 0x00000007ffb76000, 0x00000007ffc00000| 86%|OA|  |TAMS 0x00000007ff800000, 0x00000007ff800000| Untracked 
|2047|0x00000007ffc00000, 0x00000007ffc7f000, 0x0000000800000000| 12%|CA|  |TAMS 0x00000007ffc00000, 0x00000007ffc00000| Untracked 

Card table byte_map: [0x000000011659e000,0x000000011759e000] _byte_map_base: 0x000000011359e000

Marking Bits (Prev, Next): (CMBitMap*) 0x00007f7c4d010410, (CMBitMap*) 0x00007f7c4d010450
 Prev Bits: [0x0000000127bda000, 0x000000012fbda000)
 Next Bits: [0x000000012fbda000, 0x0000000137bda000)

Polling page: 0x000000010bd96000

Metaspace:

Usage:
  Non-class:      7.89 MB used.
      Class:    988.45 KB used.
       Both:      8.85 MB used.

Virtual space:
  Non-class space:       16.00 MB reserved,       8.00 MB ( 50%) committed,  2 nodes.
      Class space:        1.00 GB reserved,       1.06 MB ( <1%) committed,  1 nodes.
             Both:        1.02 GB reserved,       9.06 MB ( <1%) committed. 

Chunk freelists:
   Non-Class:  3.67 MB
       Class:  2.89 MB
        Both:  6.56 MB

MaxMetaspaceSize: unlimited
CompressedClassSpaceSize: 1.00 GB
Initial GC threshold: 21.00 MB
Current GC threshold: 21.00 MB
CDS: on
MetaspaceReclaimPolicy: balanced
 - commit_granule_bytes: 65536.
 - commit_granule_words: 8192.
 - virtual_space_node_default_size: 1048576.
 - enlarge_chunks_in_place: 1.
 - new_chunks_are_fully_committed: 0.
 - uncommit_free_chunks: 1.
 - use_allocation_guard: 0.
 - handle_deallocations: 1.


Internal statistics:

num_allocs_failed_limit: 0.
num_arena_births: 112.
num_arena_deaths: 0.
num_vsnodes_births: 3.
num_vsnodes_deaths: 0.
num_space_committed: 145.
num_space_uncommitted: 0.
num_chunks_returned_to_freelist: 0.
num_chunks_taken_from_freelist: 314.
num_chunk_merges: 0.
num_chunk_splits: 205.
num_chunks_enlarged: 141.
num_purges: 0.
num_inconsistent_stats: 0.

CodeHeap 'non-profiled nmethods': size=120028Kb used=2997Kb max_used=3633Kb free=117030Kb
 bounds [0x000000011f6a3000, 0x000000011fa33000, 0x0000000126bda000]
CodeHeap 'profiled nmethods': size=120028Kb used=3849Kb max_used=5941Kb free=116178Kb
 bounds [0x000000011816c000, 0x000000011873c000, 0x000000011f6a3000]
CodeHeap 'non-nmethods': size=5704Kb used=1178Kb max_used=1250Kb free=4525Kb
 bounds [0x0000000117bda000, 0x0000000117e4a000, 0x000000011816c000]
 total_blobs=2954 nmethods=2484 adapters=383
 compilation: enabled
              stopped_count=0, restarted_count=0
 full_count=0

Compilation events (20 events):
Event: 3072.527 Thread 0x00007f7c4f80b200 3288       3       java.util.concurrent.ThreadLocalRandom::current (22 bytes)
Event: 3072.528 Thread 0x00007f7c4f80b200 nmethod 3288 0x000000011837c910 code [0x000000011837cac0, 0x000000011837cc40]
Event: 3072.528 Thread 0x00007f7c4f80b200 3286       3       sun.nio.ch.IOStatus::okayToRetry (22 bytes)
Event: 3072.528 Thread 0x00007f7c4f80b200 nmethod 3286 0x00000001183d1f10 code [0x00000001183d20a0, 0x00000001183d2230]
Event: 3072.528 Thread 0x00007f7c4f80b200 3287       3       sun.nio.ch.SocketChannelImpl::ensureOpen (16 bytes)
Event: 3072.528 Thread 0x00007f7c4f80b200 nmethod 3287 0x0000000118365e10 code [0x0000000118365fc0, 0x00000001183662a0]
Event: 3072.528 Thread 0x00007f7c4f80b200 3289   !   3       java.nio.channels.spi.AbstractSelectableChannel::register (152 bytes)
Event: 3072.530 Thread 0x00007f7c4f80b200 nmethod 3289 0x00000001183c1610 code [0x00000001183c1a00, 0x00000001183c3770]
Event: 3072.530 Thread 0x00007f7c4f80b200 3290       3       sun.nio.ch.SelectionKeyImpl::translateInterestOps (14 bytes)
Event: 3072.530 Thread 0x00007f7c4f80b200 nmethod 3290 0x000000011837da10 code [0x000000011837dbc0, 0x000000011837dda0]
Event: 3102.530 Thread 0x00007f7c4f80b200 3291       3       java.net.SocketException::<init> (6 bytes)
Event: 3102.530 Thread 0x00007f7c4f80b200 nmethod 3291 0x00000001182a7390 code [0x00000001182a7540, 0x00000001182a7740]
Event: 3102.530 Thread 0x00007f7c4f80b200 3292       3       one.nio.net.Session$QueueItem::releaseChain (17 bytes)
Event: 3102.530 Thread 0x00007f7c4f80b200 nmethod 3292 0x00000001185fb990 code [0x00000001185fbb40, 0x00000001185fbdd0]
Event: 3102.530 Thread 0x00007f7c4f80b200 3293       3       java.io.IOException::<init> (6 bytes)
Event: 3102.530 Thread 0x00007f7c4f80b200 nmethod 3293 0x000000011850ba90 code [0x000000011850bc40, 0x000000011850bdc0]
Event: 3102.530 Thread 0x00007f7c4f80b200 3294       3       sun.nio.ch.Net::getSocketOption (130 bytes)
Event: 3102.531 Thread 0x00007f7c4f80b200 nmethod 3294 0x00000001182ab990 code [0x00000001182abc20, 0x00000001182ac760]
Event: 3102.531 Thread 0x00007f7c4f80b200 3295       3       jdk.internal.misc.Unsafe::compareAndSetByte (21 bytes)
Event: 3102.531 Thread 0x00007f7c4f80b200 nmethod 3295 0x0000000118454b90 code [0x0000000118454d40, 0x0000000118454ee0]

GC Heap History (20 events):
Event: 3094.403 GC heap before
{Heap before GC invocations=140 (full 0):
 garbage-first heap   total 532480K, used 333967K [0x0000000600000000, 0x0000000800000000)
  region size 4096K, 76 young (311296K), 1 survivors (4096K)
 Metaspace       used 9060K, committed 9280K, reserved 1064960K
  class space    used 988K, committed 1088K, reserved 1048576K
}
Event: 3094.404 GC heap after
{Heap after GC invocations=141 (full 0):
 garbage-first heap   total 532480K, used 26765K [0x0000000600000000, 0x0000000800000000)
  region size 4096K, 1 young (4096K), 1 survivors (4096K)
 Metaspace       used 9060K, committed 9280K, reserved 1064960K
  class space    used 988K, committed 1088K, reserved 1048576K
}
Event: 3095.307 GC heap before
{Heap before GC invocations=141 (full 0):
 garbage-first heap   total 532480K, used 333965K [0x0000000600000000, 0x0000000800000000)
  region size 4096K, 76 young (311296K), 1 survivors (4096K)
 Metaspace       used 9060K, committed 9280K, reserved 1064960K
  class space    used 988K, committed 1088K, reserved 1048576K
}
Event: 3095.308 GC heap after
{Heap after GC invocations=142 (full 0):
 garbage-first heap   total 532480K, used 26765K [0x0000000600000000, 0x0000000800000000)
  region size 4096K, 1 young (4096K), 1 survivors (4096K)
 Metaspace       used 9060K, committed 9280K, reserved 1064960K
  class space    used 988K, committed 1088K, reserved 1048576K
}
Event: 3096.206 GC heap before
{Heap before GC invocations=142 (full 0):
 garbage-first heap   total 532480K, used 329869K [0x0000000600000000, 0x0000000800000000)
  region size 4096K, 76 young (311296K), 1 survivors (4096K)
 Metaspace       used 9060K, committed 9280K, reserved 1064960K
  class space    used 988K, committed 1088K, reserved 1048576K
}
Event: 3096.206 GC heap after
{Heap after GC invocations=143 (full 0):
 garbage-first heap   total 532480K, used 26763K [0x0000000600000000, 0x0000000800000000)
  region size 4096K, 1 young (4096K), 1 survivors (4096K)
 Metaspace       used 9060K, committed 9280K, reserved 1064960K
  class space    used 988K, committed 1088K, reserved 1048576K
}
Event: 3097.109 GC heap before
{Heap before GC invocations=143 (full 0):
 garbage-first heap   total 532480K, used 329867K [0x0000000600000000, 0x0000000800000000)
  region size 4096K, 76 young (311296K), 1 survivors (4096K)
 Metaspace       used 9060K, committed 9280K, reserved 1064960K
  class space    used 988K, committed 1088K, reserved 1048576K
}
Event: 3097.110 GC heap after
{Heap after GC invocations=144 (full 0):
 garbage-first heap   total 532480K, used 26763K [0x0000000600000000, 0x0000000800000000)
  region size 4096K, 1 young (4096K), 1 survivors (4096K)
 Metaspace       used 9060K, committed 9280K, reserved 1064960K
  class space    used 988K, committed 1088K, reserved 1048576K
}
Event: 3098.008 GC heap before
{Heap before GC invocations=144 (full 0):
 garbage-first heap   total 532480K, used 333963K [0x0000000600000000, 0x0000000800000000)
  region size 4096K, 76 young (311296K), 1 survivors (4096K)
 Metaspace       used 9060K, committed 9280K, reserved 1064960K
  class space    used 988K, committed 1088K, reserved 1048576K
}
Event: 3098.008 GC heap after
{Heap after GC invocations=145 (full 0):
 garbage-first heap   total 532480K, used 26765K [0x0000000600000000, 0x0000000800000000)
  region size 4096K, 1 young (4096K), 1 survivors (4096K)
 Metaspace       used 9060K, committed 9280K, reserved 1064960K
  class space    used 988K, committed 1088K, reserved 1048576K
}
Event: 3098.907 GC heap before
{Heap before GC invocations=145 (full 0):
 garbage-first heap   total 532480K, used 329869K [0x0000000600000000, 0x0000000800000000)
  region size 4096K, 76 young (311296K), 1 survivors (4096K)
 Metaspace       used 9060K, committed 9280K, reserved 1064960K
  class space    used 988K, committed 1088K, reserved 1048576K
}
Event: 3098.907 GC heap after
{Heap after GC invocations=146 (full 0):
 garbage-first heap   total 532480K, used 26770K [0x0000000600000000, 0x0000000800000000)
  region size 4096K, 1 young (4096K), 1 survivors (4096K)
 Metaspace       used 9060K, committed 9280K, reserved 1064960K
  class space    used 988K, committed 1088K, reserved 1048576K
}
Event: 3099.813 GC heap before
{Heap before GC invocations=146 (full 0):
 garbage-first heap   total 532480K, used 329874K [0x0000000600000000, 0x0000000800000000)
  region size 4096K, 76 young (311296K), 1 survivors (4096K)
 Metaspace       used 9060K, committed 9280K, reserved 1064960K
  class space    used 988K, committed 1088K, reserved 1048576K
}
Event: 3099.813 GC heap after
{Heap after GC invocations=147 (full 0):
 garbage-first heap   total 532480K, used 26763K [0x0000000600000000, 0x0000000800000000)
  region size 4096K, 1 young (4096K), 1 survivors (4096K)
 Metaspace       used 9060K, committed 9280K, reserved 1064960K
  class space    used 988K, committed 1088K, reserved 1048576K
}
Event: 3100.708 GC heap before
{Heap before GC invocations=147 (full 0):
 garbage-first heap   total 532480K, used 333963K [0x0000000600000000, 0x0000000800000000)
  region size 4096K, 76 young (311296K), 1 survivors (4096K)
 Metaspace       used 9060K, committed 9280K, reserved 1064960K
  class space    used 988K, committed 1088K, reserved 1048576K
}
Event: 3100.708 GC heap after
{Heap after GC invocations=148 (full 0):
 garbage-first heap   total 532480K, used 26763K [0x0000000600000000, 0x0000000800000000)
  region size 4096K, 1 young (4096K), 1 survivors (4096K)
 Metaspace       used 9060K, committed 9280K, reserved 1064960K
  class space    used 988K, committed 1088K, reserved 1048576K
}
Event: 3101.605 GC heap before
{Heap before GC invocations=148 (full 0):
 garbage-first heap   total 532480K, used 329867K [0x0000000600000000, 0x0000000800000000)
  region size 4096K, 76 young (311296K), 1 survivors (4096K)
 Metaspace       used 9060K, committed 9280K, reserved 1064960K
  class space    used 988K, committed 1088K, reserved 1048576K
}
Event: 3101.606 GC heap after
{Heap after GC invocations=149 (full 0):
 garbage-first heap   total 532480K, used 26764K [0x0000000600000000, 0x0000000800000000)
  region size 4096K, 1 young (4096K), 1 survivors (4096K)
 Metaspace       used 9060K, committed 9280K, reserved 1064960K
  class space    used 988K, committed 1088K, reserved 1048576K
}
Event: 3102.511 GC heap before
{Heap before GC invocations=149 (full 0):
 garbage-first heap   total 532480K, used 329868K [0x0000000600000000, 0x0000000800000000)
  region size 4096K, 76 young (311296K), 1 survivors (4096K)
 Metaspace       used 9060K, committed 9280K, reserved 1064960K
  class space    used 988K, committed 1088K, reserved 1048576K
}
Event: 3102.511 GC heap after
{Heap after GC invocations=150 (full 0):
 garbage-first heap   total 532480K, used 26767K [0x0000000600000000, 0x0000000800000000)
  region size 4096K, 1 young (4096K), 1 survivors (4096K)
 Metaspace       used 9060K, committed 9280K, reserved 1064960K
  class space    used 988K, committed 1088K, reserved 1048576K
}

Deoptimization events (20 events):
Event: 2771.819 Thread 0x00007f7c2d089800 Uncommon trap: trap_request=0xffffff45 fr.pc=0x000000011f853e44 relative=0x0000000000000644
Event: 2771.819 Thread 0x00007f7c2d089800 Uncommon trap: reason=unstable_if action=reinterpret pc=0x000000011f853e44 method=one.nio.server.SelectorThread.run()V @ 130 c2
Event: 2771.819 Thread 0x00007f7c2d089800 DEOPT PACKING pc=0x000000011f853e44 sp=0x000070000c3f0af0
Event: 2771.819 Thread 0x00007f7c2d089800 DEOPT UNPACKING pc=0x0000000117c2c099 sp=0x000070000c3f0ac0 mode 2
Event: 2787.567 Thread 0x00007f7c2d0c4000 Uncommon trap: trap_request=0xffffff45 fr.pc=0x000000011f7f4d54 relative=0x0000000000000114
Event: 2787.567 Thread 0x00007f7c2d0c4000 Uncommon trap: reason=unstable_if action=reinterpret pc=0x000000011f7f4d54 method=java.util.concurrent.ForkJoinPool.unmanagedBlock(Ljava/util/concurrent/ForkJoinPool$ManagedBlocker;)V @ 18 c2
Event: 2787.567 Thread 0x00007f7c2d0c4000 DEOPT PACKING pc=0x000000011f7f4d54 sp=0x000070000d31d9a0
Event: 2787.567 Thread 0x00007f7c2d0c4000 DEOPT UNPACKING pc=0x0000000117c2c099 sp=0x000070000d31d8e8 mode 2
Event: 2983.358 Thread 0x00007f7c0d009400 Uncommon trap: trap_request=0xffffff45 fr.pc=0x000000011f85886c relative=0x000000000000066c
Event: 2983.358 Thread 0x00007f7c0d009400 Uncommon trap: reason=unstable_if action=reinterpret pc=0x000000011f85886c method=one.nio.server.SelectorThread.run()V @ 130 c2
Event: 2983.358 Thread 0x00007f7c0d009400 DEOPT PACKING pc=0x000000011f85886c sp=0x000070000bfe4af0
Event: 2983.358 Thread 0x00007f7c0d009400 DEOPT UNPACKING pc=0x0000000117c2c099 sp=0x000070000bfe4ac0 mode 2
Event: 2984.486 Thread 0x00007f7c2d0c6800 Uncommon trap: trap_request=0xffffff45 fr.pc=0x000000011f85886c relative=0x000000000000066c
Event: 2984.486 Thread 0x00007f7c2d0c6800 Uncommon trap: reason=unstable_if action=reinterpret pc=0x000000011f85886c method=one.nio.server.SelectorThread.run()V @ 130 c2
Event: 2984.486 Thread 0x00007f7c2d0c6800 DEOPT PACKING pc=0x000000011f85886c sp=0x000070000bddeaf0
Event: 2984.486 Thread 0x00007f7c2d0c6800 DEOPT UNPACKING pc=0x0000000117c2c099 sp=0x000070000bddeac0 mode 2
Event: 3078.721 Thread 0x00007f7c4e81da00 Uncommon trap: trap_request=0xffffff45 fr.pc=0x000000011f85886c relative=0x000000000000066c
Event: 3078.721 Thread 0x00007f7c4e81da00 Uncommon trap: reason=unstable_if action=reinterpret pc=0x000000011f85886c method=one.nio.server.SelectorThread.run()V @ 130 c2
Event: 3078.721 Thread 0x00007f7c4e81da00 DEOPT PACKING pc=0x000000011f85886c sp=0x000070000c2edaf0
Event: 3078.721 Thread 0x00007f7c4e81da00 DEOPT UNPACKING pc=0x0000000117c2c099 sp=0x000070000c2edac0 mode 2

Classes unloaded (0 events):
No events

Classes redefined (0 events):
No events

Internal exceptions (20 events):
Event: 0.524 Thread 0x00007f7c58808a00 Exception <a 'java/lang/NoClassDefFoundError'{0x000000061edc6e38}> (0x000000061edc6e38) 
thrown [open/src/hotspot/share/oops/instanceKlass.cpp, line 1163]
Event: 0.583 Thread 0x00007f7c58808a00 Exception <a 'java/lang/NoSuchMethodError'{0x000000061e86b160}: 'java.lang.Object java.lang.invoke.Invokers$Holder.invoke_MT(java.lang.Object, java.lang.Object, java.lang.Object)'> (0x000000061e86b160) 
thrown [open/src/hotspot/share/interpreter/linkResolver.cpp, line 766]
Event: 0.624 Thread 0x00007f7c58808a00 Exception <a 'java/lang/NoSuchMethodError'{0x000000061ead6e80}: 'void java.lang.invoke.DirectMethodHandle$Holder.invokeSpecial(java.lang.Object, java.lang.Object, java.lang.Object)'> (0x000000061ead6e80) 
thrown [open/src/hotspot/share/interpreter/linkResolver.cpp, line 766]
Event: 0.624 Thread 0x00007f7c58808a00 Exception <a 'java/lang/NoSuchMethodError'{0x000000061eade308}: 'void java.lang.invoke.Invokers$Holder.invoke_MT(java.lang.Object, java.lang.Object, java.lang.Object)'> (0x000000061eade308) 
thrown [open/src/hotspot/share/interpreter/linkResolver.cpp, line 766]
Event: 29.690 Thread 0x00007f7c4e866200 Exception <a 'java/lang/NoSuchMethodError'{0x000000061fca66d0}: 'java.lang.Object java.lang.invoke.DirectMethodHandle$Holder.invokeStaticInit(java.lang.Object, java.lang.Object, java.lang.Object)'> (0x000000061fca66d0) 
thrown [open/src/hotspot/share/interpreter/linkResolver.cpp, line 766]
Event: 179.140 Thread 0x00007f7c58809000 Exception <a 'java/lang/NoSuchMethodError'{0x000000061fcc5008}: 'java.lang.Object java.lang.invoke.DirectMethodHandle$Holder.newInvokeSpecial(java.lang.Object, java.lang.Object, int)'> (0x000000061fcc5008) 
thrown [open/src/hotspot/share/interpreter/linkResolver.cpp, line 766]
Event: 179.144 Thread 0x00007f7c2d0c6800 Exception <a 'java/lang/NoSuchMethodError'{0x000000061fea6c28}: 'java.lang.Object java.lang.invoke.Invokers$Holder.invokeExact_MT(java.lang.Object, java.lang.Object, int, java.lang.Object)'> (0x000000061fea6c28) 
thrown [open/src/hotspot/share/interpreter/linkResolver.cpp, line 766]
Event: 179.144 Thread 0x00007f7c4f87ee00 Exception <a 'java/lang/NoSuchMethodError'{0x000000061fe00698}: 'java.lang.Object java.lang.invoke.Invokers$Holder.invokeExact_MT(java.lang.Object, java.lang.Object, int, java.lang.Object)'> (0x000000061fe00698) 
thrown [open/src/hotspot/share/interpreter/linkResolver.cpp, line 766]
Event: 179.144 Thread 0x00007f7c4d00ee00 Exception <a 'java/lang/NoSuchMethodError'{0x000000061ffebd18}: 'java.lang.Object java.lang.invoke.Invokers$Holder.invokeExact_MT(java.lang.Object, java.lang.Object, int, java.lang.Object)'> (0x000000061ffebd18) 
thrown [open/src/hotspot/share/interpreter/linkResolver.cpp, line 766]
Event: 179.144 Thread 0x00007f7c4e81da00 Exception <a 'java/lang/NoSuchMethodError'{0x000000061f801db8}: 'java.lang.Object java.lang.invoke.Invokers$Holder.invokeExact_MT(java.lang.Object, java.lang.Object, int, java.lang.Object)'> (0x000000061f801db8) 
thrown [open/src/hotspot/share/interpreter/linkResolver.cpp, line 766]
Event: 179.145 Thread 0x00007f7c1d00f800 Exception <a 'java/lang/NoSuchMethodError'{0x000000061fd5d5c8}: 'java.lang.Object java.lang.invoke.Invokers$Holder.invokeExact_MT(java.lang.Object, java.lang.Object, int, java.lang.Object)'> (0x000000061fd5d5c8) 
thrown [open/src/hotspot/share/interpreter/linkResolver.cpp, line 766]
Event: 179.145 Thread 0x00007f7c1d00fe00 Exception <a 'java/lang/NoSuchMethodError'{0x000000061fe52880}: 'java.lang.Object java.lang.invoke.Invokers$Holder.invokeExact_MT(java.lang.Object, java.lang.Object, int, java.lang.Object)'> (0x000000061fe52880) 
thrown [open/src/hotspot/share/interpreter/linkResolver.cpp, line 766]
Event: 179.145 Thread 0x00007f7c0d008800 Exception <a 'java/lang/NoSuchMethodError'{0x000000061ff99f78}: 'java.lang.Object java.lang.invoke.Invokers$Holder.invokeExact_MT(java.lang.Object, java.lang.Object, int, java.lang.Object)'> (0x000000061ff99f78) 
thrown [open/src/hotspot/share/interpreter/linkResolver.cpp, line 766]
Event: 179.145 Thread 0x00007f7c2d0c6200 Exception <a 'java/lang/NoSuchMethodError'{0x000000061ff47d40}: 'java.lang.Object java.lang.invoke.Invokers$Holder.invokeExact_MT(java.lang.Object, java.lang.Object, int, java.lang.Object)'> (0x000000061ff47d40) 
thrown [open/src/hotspot/share/interpreter/linkResolver.cpp, line 766]
Event: 179.144 Thread 0x00007f7c0d009400 Exception <a 'java/lang/NoSuchMethodError'{0x000000061fef6068}: 'java.lang.Object java.lang.invoke.Invokers$Holder.invokeExact_MT(java.lang.Object, java.lang.Object, int, java.lang.Object)'> (0x000000061fef6068) 
thrown [open/src/hotspot/share/interpreter/linkResolver.cpp, line 766]
Event: 179.145 Thread 0x00007f7c4e8a6800 Exception <a 'java/lang/NoSuchMethodError'{0x000000061fdae818}: 'java.lang.Object java.lang.invoke.Invokers$Holder.invokeExact_MT(java.lang.Object, java.lang.Object, int, java.lang.Object)'> (0x000000061fdae818) 
thrown [open/src/hotspot/share/interpreter/linkResolver.cpp, line 766]
Event: 179.376 Thread 0x00007f7c4e854000 Implicit null exception at 0x000000011f715820 to 0x000000011f7158bc
Event: 179.376 Thread 0x00007f7c4e854000 Implicit null exception at 0x000000011f714380 to 0x000000011f7143f4
Event: 181.159 Thread 0x00007f7c4e854000 Implicit null exception at 0x000000011f83c580 to 0x000000011f840392
Event: 260.030 Thread 0x00007f7c2d089800 Implicit null exception at 0x000000011f775dac to 0x000000011f778550

VM Operations (20 events):
Event: 3095.307 Executing VM operation: G1CollectForAllocation
Event: 3095.308 Executing VM operation: G1CollectForAllocation done
Event: 3096.206 Executing VM operation: G1CollectForAllocation
Event: 3096.206 Executing VM operation: G1CollectForAllocation done
Event: 3097.109 Executing VM operation: G1CollectForAllocation
Event: 3097.110 Executing VM operation: G1CollectForAllocation done
Event: 3098.008 Executing VM operation: G1CollectForAllocation
Event: 3098.009 Executing VM operation: G1CollectForAllocation done
Event: 3098.907 Executing VM operation: G1CollectForAllocation
Event: 3098.907 Executing VM operation: G1CollectForAllocation done
Event: 3099.812 Executing VM operation: G1CollectForAllocation
Event: 3099.813 Executing VM operation: G1CollectForAllocation done
Event: 3100.708 Executing VM operation: G1CollectForAllocation
Event: 3100.708 Executing VM operation: G1CollectForAllocation done
Event: 3101.605 Executing VM operation: G1CollectForAllocation
Event: 3101.606 Executing VM operation: G1CollectForAllocation done
Event: 3102.511 Executing VM operation: G1CollectForAllocation
Event: 3102.511 Executing VM operation: G1CollectForAllocation done
Event: 3103.516 Executing VM operation: Cleanup
Event: 3103.516 Executing VM operation: Cleanup done

Events (20 events):
Event: 269.355 Thread 0x00007f7c4f813800 flushing nmethod 0x0000000118727190
Event: 269.355 Thread 0x00007f7c4f813800 flushing nmethod 0x000000011872b810
Event: 269.355 Thread 0x00007f7c4f813800 flushing nmethod 0x0000000118731b10
Event: 305.440 Loaded shared library /Users/kurdyukov-kir/IdeaProjects/async-profiler/build/libasyncProfiler.so
Event: 305.441 Protecting memory [0x000070000d018000,0x000070000d01c000] with protection modes 3
Event: 305.441 Thread 0x00007f7c58843c00 Thread exited: 0x00007f7c58843c00
Event: 2756.963 Loaded shared library /Users/kurdyukov-kir/IdeaProjects/async-profiler/build/libasyncProfiler.so
Event: 2756.967 Thread 0x00007f7c0d016c00 Thread added: 0x00007f7c0d016c00
Event: 2756.967 Protecting memory [0x000070000d018000,0x000070000d01c000] with protection modes 0
Event: 2806.534 Loaded shared library /Users/kurdyukov-kir/IdeaProjects/async-profiler/build/libasyncProfiler.so
Event: 2806.534 Protecting memory [0x000070000d018000,0x000070000d01c000] with protection modes 3
Event: 2806.534 Thread 0x00007f7c0d016c00 Thread exited: 0x00007f7c0d016c00
Event: 2969.756 Loaded shared library /Users/kurdyukov-kir/IdeaProjects/async-profiler/build/libasyncProfiler.so
Event: 2969.757 Thread 0x00007f7c1d0f3200 Thread added: 0x00007f7c1d0f3200
Event: 2969.757 Protecting memory [0x000070000d018000,0x000070000d01c000] with protection modes 0
Event: 3017.029 Loaded shared library /Users/kurdyukov-kir/IdeaProjects/async-profiler/build/libasyncProfiler.so
Event: 3017.030 Protecting memory [0x000070000d018000,0x000070000d01c000] with protection modes 3
Event: 3017.030 Thread 0x00007f7c1d0f3200 Thread exited: 0x00007f7c1d0f3200
Event: 3065.526 Loaded shared library /Users/kurdyukov-kir/IdeaProjects/async-profiler/build/libasyncProfiler.so
Event: 3115.242 Loaded shared library /Users/kurdyukov-kir/IdeaProjects/async-profiler/build/libasyncProfiler.so


Dynamic libraries:
0x000000010bd99000 	/Users/kurdyukov-kir/Library/Java/JavaVirtualMachines/openjdk-17.0.1/Contents/Home/lib/libjli.dylib
0x00007ff81942b000 	/usr/lib/libz.1.dylib
0x00007ff81950b000 	/usr/lib/libSystem.B.dylib
0x00007ff819506000 	/usr/lib/system/libcache.dylib
0x00007ff8194c2000 	/usr/lib/system/libcommonCrypto.dylib
0x00007ff8194eb000 	/usr/lib/system/libcompiler_rt.dylib
0x00007ff8194e1000 	/usr/lib/system/libcopyfile.dylib
0x00007ff80e527000 	/usr/lib/system/libcorecrypto.dylib
0x00007ff80e5e6000 	/usr/lib/system/libdispatch.dylib
0x00007ff80e7a5000 	/usr/lib/system/libdyld.dylib
0x00007ff8194fd000 	/usr/lib/system/libkeymgr.dylib
0x00007ff8194a0000 	/usr/lib/system/libmacho.dylib
0x00007ff818b30000 	/usr/lib/system/libquarantine.dylib
0x00007ff8194fb000 	/usr/lib/system/libremovefile.dylib
0x00007ff813709000 	/usr/lib/system/libsystem_asl.dylib
0x00007ff80e4d5000 	/usr/lib/system/libsystem_blocks.dylib
0x00007ff80e66a000 	/usr/lib/system/libsystem_c.dylib
0x00007ff8194f3000 	/usr/lib/system/libsystem_collections.dylib
0x00007ff817dd8000 	/usr/lib/system/libsystem_configuration.dylib
0x00007ff817099000 	/usr/lib/system/libsystem_containermanager.dylib
0x00007ff8191dd000 	/usr/lib/system/libsystem_coreservices.dylib
0x00007ff810dcf000 	/usr/lib/system/libsystem_darwin.dylib
0x00007ff8194fe000 	/usr/lib/system/libsystem_dnssd.dylib
0x00007ff80e667000 	/usr/lib/system/libsystem_featureflags.dylib
0x00007ff80e7bb000 	/usr/lib/system/libsystem_info.dylib
0x00007ff81943e000 	/usr/lib/system/libsystem_m.dylib
0x00007ff80e5ba000 	/usr/lib/system/libsystem_malloc.dylib
0x00007ff8136a6000 	/usr/lib/system/libsystem_networkextension.dylib
0x00007ff8111f7000 	/usr/lib/system/libsystem_notify.dylib
0x00007ff81f67a000 	/usr/lib/system/libsystem_product_info_filter.dylib
0x00007ff817ddc000 	/usr/lib/system/libsystem_sandbox.dylib
0x00007ff8194f8000 	/usr/lib/system/libsystem_secinit.dylib
0x00007ff80e762000 	/usr/lib/system/libsystem_kernel.dylib
0x00007ff80e7b1000 	/usr/lib/system/libsystem_platform.dylib
0x00007ff80e799000 	/usr/lib/system/libsystem_pthread.dylib
0x00007ff814f5e000 	/usr/lib/system/libsystem_symptoms.dylib
0x00007ff80e50e000 	/usr/lib/system/libsystem_trace.dylib
0x00007ff8194ce000 	/usr/lib/system/libunwind.dylib
0x00007ff80e4d7000 	/usr/lib/system/libxpc.dylib
0x00007ff80e74c000 	/usr/lib/libc++abi.dylib
0x00007ff80e62d000 	/usr/lib/libobjc.A.dylib
0x00007ff8194d9000 	/usr/lib/liboah.dylib
0x00007ff80e6f3000 	/usr/lib/libc++.1.dylib
0x00007ff8253d0000 	/System/Library/Frameworks/Cocoa.framework/Versions/A/Cocoa
0x00007ff811255000 	/System/Library/Frameworks/AppKit.framework/Versions/C/AppKit
0x00007ff81474b000 	/System/Library/Frameworks/CoreData.framework/Versions/A/CoreData
0x00007ff80f66c000 	/System/Library/Frameworks/Foundation.framework/Versions/C/Foundation
0x00007ff8120e4000 	/System/Library/PrivateFrameworks/UIFoundation.framework/Versions/A/UIFoundation
0x00007ff81f381000 	/System/Library/PrivateFrameworks/RemoteViewServices.framework/Versions/A/RemoteViewServices
0x00007ff817771000 	/System/Library/PrivateFrameworks/XCTTargetBootstrap.framework/Versions/A/XCTTargetBootstrap
0x00007ff81b31b000 	/System/Library/PrivateFrameworks/InternationalSupport.framework/Versions/A/InternationalSupport
0x00007ff81b3a5000 	/System/Library/PrivateFrameworks/UserActivity.framework/Versions/A/UserActivity
0x00007ff81a6fb000 	/usr/lib/libspindump.dylib
0x00007ff812372000 	/System/Library/Frameworks/UniformTypeIdentifiers.framework/Versions/A/UniformTypeIdentifiers
0x00007ff815eae000 	/usr/lib/libapp_launch_measurement.dylib
0x00007ff815117000 	/System/Library/PrivateFrameworks/CoreAnalytics.framework/Versions/A/CoreAnalytics
0x00007ff815eb1000 	/System/Library/PrivateFrameworks/CoreAutoLayout.framework/Versions/A/CoreAutoLayout
0x00007ff8170d1000 	/System/Library/Frameworks/Metal.framework/Versions/A/Metal
0x00007ff817de7000 	/usr/lib/liblangid.dylib
0x00007ff817775000 	/System/Library/PrivateFrameworks/CoreSVG.framework/Versions/A/CoreSVG
0x00007ff813739000 	/System/Library/PrivateFrameworks/SkyLight.framework/Versions/A/SkyLight
0x00007ff813acc000 	/System/Library/Frameworks/CoreGraphics.framework/Versions/A/CoreGraphics
0x00007ff81f9f0000 	/System/Library/Frameworks/Accelerate.framework/Versions/A/Accelerate
0x00007ff81a176000 	/System/Library/PrivateFrameworks/IconServices.framework/Versions/A/IconServices
0x00007ff8170b6000 	/System/Library/Frameworks/IOSurface.framework/Versions/A/IOSurface
0x00007ff815145000 	/usr/lib/libDiagnosticMessagesClient.dylib
0x00007ff82305f000 	/System/Library/Frameworks/ApplicationServices.framework/Versions/A/ApplicationServices
0x00007ff81775d000 	/System/Library/PrivateFrameworks/DFRFoundation.framework/Versions/A/DFRFoundation
0x00007ff810b46000 	/usr/lib/libicucore.A.dylib
0x00007ff81c040000 	/System/Library/Frameworks/AudioToolbox.framework/Versions/A/AudioToolbox
0x00007ff81b327000 	/System/Library/PrivateFrameworks/DataDetectorsCore.framework/Versions/A/DataDetectorsCore
0x00007ff916c86000 	/System/Library/PrivateFrameworks/TextInput.framework/Versions/A/TextInput
0x00007ff8136bd000 	/usr/lib/libMobileGestalt.dylib
0x00007ff817465000 	/System/Library/Frameworks/Carbon.framework/Versions/A/Frameworks/HIToolbox.framework/Versions/A/HIToolbox
0x00007ff8158db000 	/System/Library/Frameworks/QuartzCore.framework/Versions/A/QuartzCore
0x00007ff8107e6000 	/System/Library/Frameworks/Security.framework/Versions/A/Security
0x00007ff81f3b9000 	/System/Library/Frameworks/Carbon.framework/Versions/A/Frameworks/SpeechRecognition.framework/Versions/A/SpeechRecognition
0x00007ff815c0e000 	/System/Library/PrivateFrameworks/CoreUI.framework/Versions/A/CoreUI
0x00007ff8100be000 	/System/Library/Frameworks/CoreAudio.framework/Versions/A/CoreAudio
0x00007ff815233000 	/System/Library/Frameworks/DiskArbitration.framework/Versions/A/DiskArbitration
0x00007ff81aae2000 	/System/Library/PrivateFrameworks/MultitouchSupport.framework/Versions/A/MultitouchSupport
0x00007ff8136bc000 	/usr/lib/libenergytrace.dylib
0x00007ff811141000 	/System/Library/Frameworks/IOKit.framework/Versions/A/IOKit
0x00007ff81f7a5000 	/System/Library/Frameworks/CoreServices.framework/Versions/A/CoreServices
0x00007ff815e48000 	/System/Library/PrivateFrameworks/PerformanceAnalysis.framework/Versions/A/PerformanceAnalysis
0x00007ffa26451000 	/System/Library/Frameworks/OpenGL.framework/Versions/A/OpenGL
0x00007ff818a5c000 	/System/Library/PrivateFrameworks/MobileKeyBag.framework/Versions/A/MobileKeyBag
0x00007ff814198000 	/System/Library/Frameworks/ColorSync.framework/Versions/A/ColorSync
0x00007ff80e7e6000 	/System/Library/Frameworks/CoreFoundation.framework/Versions/A/CoreFoundation
0x00007ff8179ee000 	/System/Library/Frameworks/CoreImage.framework/Versions/A/CoreImage
0x00007ff80fed4000 	/System/Library/Frameworks/CoreText.framework/Versions/A/CoreText
0x00007ff8177a4000 	/System/Library/Frameworks/ImageIO.framework/Versions/A/ImageIO
0x00007ff819511000 	/System/Library/PrivateFrameworks/SoftLinking.framework/Versions/A/SoftLinking
0x00007ff815ef9000 	/usr/lib/libxml2.2.dylib
0x00007ff819795000 	/usr/lib/libcompression.dylib
0x00007ff81b251000 	/System/Library/PrivateFrameworks/TextureIO.framework/Versions/A/TextureIO
0x00007ff819e88000 	/usr/lib/libate.dylib
0x00007ff819c66000 	/usr/lib/liblzma.5.dylib
0x00007ff80f37d000 	/System/Library/Frameworks/SystemConfiguration.framework/Versions/A/SystemConfiguration
0x00007ff81950d000 	/usr/lib/libfakelink.dylib
0x00007ff81320f000 	/System/Library/Frameworks/CFNetwork.framework/Versions/A/CFNetwork
0x00007ff81964c000 	/usr/lib/libarchive.2.dylib
0x00007ff817de3000 	/System/Library/PrivateFrameworks/AppleSystemInfo.framework/Versions/A/AppleSystemInfo
0x00007ff818b57000 	/usr/lib/libbsm.0.dylib
0x00007ff812845000 	/usr/lib/libnetwork.dylib
0x00007ff8194a6000 	/usr/lib/system/libkxld.dylib
0x00007ff818785000 	/System/Library/PrivateFrameworks/IOMobileFramebuffer.framework/Versions/A/IOMobileFramebuffer
0x00007ffb241ff000 	/usr/lib/libCoreEntitlements.dylib
0x00007ff8191bf000 	/System/Library/PrivateFrameworks/AppleFSCompression.framework/Versions/A/AppleFSCompression
0x00007ff818b3f000 	/usr/lib/libcoretls.dylib
0x00007ff819c80000 	/usr/lib/libcoretls_cfhelpers.dylib
0x00007ff819790000 	/usr/lib/libpam.2.dylib
0x00007ff814b80000 	/usr/lib/libsqlite3.dylib
0x00007ff819cef000 	/usr/lib/libxar.1.dylib
0x00007ff8191cf000 	/usr/lib/libbz2.1.0.dylib
0x00007ff819512000 	/usr/lib/libpcap.A.dylib
0x00007ff814f55000 	/usr/lib/libdns_services.dylib
0x00007ff81975f000 	/usr/lib/libapple_nghttp2.dylib
0x00007ff819549000 	/usr/lib/libiconv.2.dylib
0x00007ff81949f000 	/usr/lib/libcharset.1.dylib
0x00007ff815e7c000 	/System/Library/Frameworks/CoreServices.framework/Versions/A/Frameworks/FSEvents.framework/Versions/A/FSEvents
0x00007ff810dd9000 	/System/Library/Frameworks/CoreServices.framework/Versions/A/Frameworks/CarbonCore.framework/Versions/A/CarbonCore
0x00007ff815198000 	/System/Library/Frameworks/CoreServices.framework/Versions/A/Frameworks/Metadata.framework/Versions/A/Metadata
0x00007ff8191e2000 	/System/Library/Frameworks/CoreServices.framework/Versions/A/Frameworks/OSServices.framework/Versions/A/OSServices
0x00007ff8196d3000 	/System/Library/Frameworks/CoreServices.framework/Versions/A/Frameworks/SearchKit.framework/Versions/A/SearchKit
0x00007ff814ee7000 	/System/Library/Frameworks/CoreServices.framework/Versions/A/Frameworks/AE.framework/Versions/A/AE
0x00007ff80ece9000 	/System/Library/Frameworks/CoreServices.framework/Versions/A/Frameworks/LaunchServices.framework/Versions/A/LaunchServices
0x00007ff819c17000 	/System/Library/Frameworks/CoreServices.framework/Versions/A/Frameworks/DictionaryServices.framework/Versions/A/DictionaryServices
0x00007ff815e89000 	/System/Library/Frameworks/CoreServices.framework/Versions/A/Frameworks/SharedFileList.framework/Versions/A/SharedFileList
0x00007ff818b33000 	/usr/lib/libCheckFix.dylib
0x00007ff813720000 	/System/Library/PrivateFrameworks/TCC.framework/Versions/A/TCC
0x00007ff817de9000 	/System/Library/PrivateFrameworks/CoreNLP.framework/Versions/A/CoreNLP
0x00007ff815148000 	/System/Library/PrivateFrameworks/MetadataUtilities.framework/Versions/A/MetadataUtilities
0x00007ff80f42d000 	/usr/lib/libmecabra.dylib
0x00007ff818b67000 	/usr/lib/libmecab.dylib
0x00007ff80f3f8000 	/usr/lib/libCRFSuite.dylib
0x00007ff818bc4000 	/usr/lib/libgermantok.dylib
0x00007ff81973a000 	/usr/lib/libThaiTokenizer.dylib
0x00007ff81523a000 	/System/Library/Frameworks/Accelerate.framework/Versions/A/Frameworks/vImage.framework/Versions/A/vImage
0x00007ff81f77c000 	/System/Library/Frameworks/Accelerate.framework/Versions/A/Frameworks/vecLib.framework/Versions/A/vecLib
0x00007ff819d30000 	/System/Library/Frameworks/Accelerate.framework/Versions/A/Frameworks/vecLib.framework/Versions/A/libvMisc.dylib
0x00007ff8185a3000 	/System/Library/Frameworks/Accelerate.framework/Versions/A/Frameworks/vecLib.framework/Versions/A/libvDSP.dylib
0x00007ff80f061000 	/System/Library/Frameworks/Accelerate.framework/Versions/A/Frameworks/vecLib.framework/Versions/A/libBLAS.dylib
0x00007ff819871000 	/System/Library/Frameworks/Accelerate.framework/Versions/A/Frameworks/vecLib.framework/Versions/A/libLAPACK.dylib
0x00007ff818bc7000 	/System/Library/Frameworks/Accelerate.framework/Versions/A/Frameworks/vecLib.framework/Versions/A/libLinearAlgebra.dylib
0x00007ff819778000 	/System/Library/Frameworks/Accelerate.framework/Versions/A/Frameworks/vecLib.framework/Versions/A/libSparseBLAS.dylib
0x00007ff81986b000 	/System/Library/Frameworks/Accelerate.framework/Versions/A/Frameworks/vecLib.framework/Versions/A/libQuadrature.dylib
0x00007ff817ed3000 	/System/Library/Frameworks/Accelerate.framework/Versions/A/Frameworks/vecLib.framework/Versions/A/libBNNS.dylib
0x00007ff80f30e000 	/System/Library/Frameworks/Accelerate.framework/Versions/A/Frameworks/vecLib.framework/Versions/A/libSparse.dylib
0x00007ff817ecc000 	/System/Library/PrivateFrameworks/LinguisticData.framework/Versions/A/LinguisticData
0x00007ff80f2c3000 	/System/Library/PrivateFrameworks/Lexicon.framework/Versions/A/Lexicon
0x00007ff819d29000 	/usr/lib/libChineseTokenizer.dylib
0x00007ff80fa27000 	/System/Library/PrivateFrameworks/LanguageModeling.framework/Versions/A/LanguageModeling
0x00007ff81973c000 	/System/Library/PrivateFrameworks/AppleSauce.framework/Versions/A/AppleSauce
0x00007ff818773000 	/System/Library/PrivateFrameworks/CoreEmoji.framework/Versions/A/CoreEmoji
0x00007ff81963b000 	/usr/lib/libcmph.dylib
0x00007ff815e60000 	/System/Library/Frameworks/OpenDirectory.framework/Versions/A/Frameworks/CFOpenDirectory.framework/Versions/A/CFOpenDirectory
0x00007ff815e54000 	/System/Library/Frameworks/OpenDirectory.framework/Versions/A/OpenDirectory
0x00007ff819c82000 	/System/Library/PrivateFrameworks/APFS.framework/Versions/A/APFS
0x00007ff818a94000 	/System/Library/Frameworks/SecurityFoundation.framework/Versions/A/SecurityFoundation
0x00007ff819cfd000 	/usr/lib/libutil.dylib
0x00007ff811104000 	/System/Library/PrivateFrameworks/CoreServicesStore.framework/Versions/A/CoreServicesStore
0x00007ff819d01000 	/usr/lib/libxslt.1.dylib
0x00007ff818b21000 	/System/Library/PrivateFrameworks/BackgroundTaskManagement.framework/Versions/A/BackgroundTaskManagement
0x00007ff81b171000 	/System/Library/Frameworks/ImageIO.framework/Versions/A/Resources/libRadiance.dylib
0x00007ff81b17a000 	/System/Library/Frameworks/ImageIO.framework/Versions/A/Resources/libJPEG.dylib
0x00007ff81b0ca000 	/System/Library/Frameworks/ImageIO.framework/Versions/A/Resources/libPng.dylib
0x00007ff81b0eb000 	/System/Library/Frameworks/ImageIO.framework/Versions/A/Resources/libTIFF.dylib
0x00007ff81b1da000 	/System/Library/Frameworks/ImageIO.framework/Versions/A/Resources/libGIF.dylib
0x00007ff81a9fb000 	/System/Library/Frameworks/ImageIO.framework/Versions/A/Resources/libJP2.dylib
0x00007ff81a13d000 	/usr/lib/libexpat.1.dylib
0x00007ff81a9b0000 	/System/Library/PrivateFrameworks/AppleJPEG.framework/Versions/A/AppleJPEG
0x00007ff81732c000 	/System/Library/PrivateFrameworks/FontServices.framework/libFontParser.dylib
0x00007ff814e91000 	/System/Library/PrivateFrameworks/RunningBoardServices.framework/Versions/A/RunningBoardServices
0x00007ff82594a000 	/System/Library/PrivateFrameworks/IOSurfaceAccelerator.framework/Versions/A/IOSurfaceAccelerator
0x00007ff81aade000 	/System/Library/PrivateFrameworks/WatchdogClient.framework/Versions/A/WatchdogClient
0x00007ff80fb16000 	/System/Library/Frameworks/CoreDisplay.framework/Versions/A/CoreDisplay
0x00007ff81722b000 	/System/Library/Frameworks/CoreMedia.framework/Versions/A/CoreMedia
0x00007ff8170c8000 	/System/Library/PrivateFrameworks/IOAccelerator.framework/Versions/A/IOAccelerator
0x00007ff815fdc000 	/System/Library/Frameworks/CoreVideo.framework/Versions/A/CoreVideo
0x00007ff81978e000 	/System/Library/Frameworks/MetalPerformanceShaders.framework/Versions/A/MetalPerformanceShaders
0x00007ff81ab19000 	/System/Library/Frameworks/VideoToolbox.framework/Versions/A/VideoToolbox
0x00007ff814dd9000 	/System/Library/PrivateFrameworks/BaseBoard.framework/Versions/A/BaseBoard
0x00007ff814b66000 	/System/Library/PrivateFrameworks/ProtocolBuffer.framework/Versions/A/ProtocolBuffer
0x00007ff81b16a000 	/System/Library/PrivateFrameworks/GPUWrangler.framework/Versions/A/GPUWrangler
0x00007ff81b14d000 	/System/Library/PrivateFrameworks/IOPresentment.framework/Versions/A/IOPresentment
0x00007ff81b174000 	/System/Library/PrivateFrameworks/DSExternalDisplay.framework/Versions/A/DSExternalDisplay
0x00007ffa26445000 	/System/Library/Frameworks/OpenGL.framework/Versions/A/Libraries/libCoreFSCache.dylib
0x00007ffb124e9000 	/System/Library/PrivateFrameworks/GPUCompiler.framework/Versions/31001/Libraries/libGPUCompilerUtils.dylib
0x00007ff81b1df000 	/System/Library/PrivateFrameworks/CMCaptureCore.framework/Versions/A/CMCaptureCore
0x00007ff81a6e9000 	/System/Library/PrivateFrameworks/AppServerSupport.framework/Versions/A/AppServerSupport
0x00007ff81c8c6000 	/System/Library/PrivateFrameworks/perfdata.framework/Versions/A/perfdata
0x00007ff80fc42000 	/System/Library/PrivateFrameworks/AudioToolboxCore.framework/Versions/A/AudioToolboxCore
0x00007ff817208000 	/System/Library/PrivateFrameworks/caulk.framework/Versions/A/caulk
0x00007ff81c1ea000 	/usr/lib/libAudioStatistics.dylib
0x00007ff913517000 	/System/Library/PrivateFrameworks/SystemPolicy.framework/Versions/A/SystemPolicy
0x00007ff81c43f000 	/usr/lib/libSMC.dylib
0x00007ff825283000 	/System/Library/Frameworks/CoreMIDI.framework/Versions/A/CoreMIDI
0x00007ff81b09a000 	/usr/lib/libAudioToolboxUtility.dylib
0x00007ff90f929000 	/System/Library/PrivateFrameworks/OSAServicesClient.framework/Versions/A/OSAServicesClient
0x00007ff81c8d3000 	/usr/lib/libperfcheck.dylib
0x00007ff913fa9000 	/usr/lib/libmis.dylib
0x00007ffa264a1000 	/System/Library/Frameworks/OpenGL.framework/Versions/A/Libraries/libGLU.dylib
0x00007ffa26464000 	/System/Library/Frameworks/OpenGL.framework/Versions/A/Libraries/libGFXShared.dylib
0x00007ffa26672000 	/System/Library/Frameworks/OpenGL.framework/Versions/A/Libraries/libGL.dylib
0x00007ffa2646d000 	/System/Library/Frameworks/OpenGL.framework/Versions/A/Libraries/libGLImage.dylib
0x00007ffa26461000 	/System/Library/Frameworks/OpenGL.framework/Versions/A/Libraries/libCVMSPluginSupport.dylib
0x00007ffa2644c000 	/System/Library/Frameworks/OpenGL.framework/Versions/A/Libraries/libCoreVMClient.dylib
0x00007ff817d67000 	/System/Library/Frameworks/MetalPerformanceShaders.framework/Versions/A/Frameworks/MPSCore.framework/Versions/A/MPSCore
0x00007ff81912a000 	/System/Library/Frameworks/MetalPerformanceShaders.framework/Versions/A/Frameworks/MPSImage.framework/Versions/A/MPSImage
0x00007ff818bdd000 	/System/Library/Frameworks/MetalPerformanceShaders.framework/Versions/A/Frameworks/MPSNeuralNetwork.framework/Versions/A/MPSNeuralNetwork
0x00007ff819052000 	/System/Library/Frameworks/MetalPerformanceShaders.framework/Versions/A/Frameworks/MPSMatrix.framework/Versions/A/MPSMatrix
0x00007ff818e0e000 	/System/Library/Frameworks/MetalPerformanceShaders.framework/Versions/A/Frameworks/MPSRayIntersector.framework/Versions/A/MPSRayIntersector
0x00007ff81908b000 	/System/Library/Frameworks/MetalPerformanceShaders.framework/Versions/A/Frameworks/MPSNDArray.framework/Versions/A/MPSNDArray
0x00007ffa2b063000 	/System/Library/Frameworks/MetalPerformanceShaders.framework/Versions/A/Frameworks/MPSFunctions.framework/Versions/A/MPSFunctions
0x00007ff80ef44000 	/System/Library/PrivateFrameworks/MetalTools.framework/Versions/A/MetalTools
0x00007ff817de1000 	/System/Library/PrivateFrameworks/AggregateDictionary.framework/Versions/A/AggregateDictionary
0x00007ff819f1f000 	/usr/lib/libIOReport.dylib
0x00007ffa27a81000 	/System/Library/Frameworks/OpenCL.framework/Versions/A/OpenCL
0x00007ff81a283000 	/System/Library/PrivateFrameworks/FaceCore.framework/Versions/A/FaceCore
0x00007ff81a274000 	/System/Library/PrivateFrameworks/GraphVisualizer.framework/Versions/A/GraphVisualizer
0x00007ffb123f4000 	/System/Library/PrivateFrameworks/FontServices.framework/Versions/A/FontServices
0x00007ff81a6a0000 	/System/Library/PrivateFrameworks/OTSVG.framework/Versions/A/OTSVG
0x00007ff815bc4000 	/System/Library/Frameworks/ApplicationServices.framework/Versions/A/Frameworks/ATS.framework/Versions/A/Resources/libFontRegistry.dylib
0x00007ff81a6f1000 	/System/Library/PrivateFrameworks/FontServices.framework/libhvf.dylib
0x00007ffb123f5000 	/System/Library/PrivateFrameworks/FontServices.framework/libXTFontStaticRegistryData.dylib
0x00007ff81a0ed000 	/System/Library/PrivateFrameworks/AppleVA.framework/Versions/A/AppleVA
0x00007ff81c20e000 	/System/Library/Frameworks/ApplicationServices.framework/Versions/A/Frameworks/ATS.framework/Versions/A/ATS
0x00007ff814294000 	/System/Library/Frameworks/ApplicationServices.framework/Versions/A/Frameworks/HIServices.framework/Versions/A/HIServices
0x00007ff81b1e9000 	/System/Library/Frameworks/ApplicationServices.framework/Versions/A/Frameworks/PrintCore.framework/Versions/A/PrintCore
0x00007ff81c592000 	/System/Library/Frameworks/ApplicationServices.framework/Versions/A/Frameworks/QD.framework/Versions/A/QD
0x00007ff81c58a000 	/System/Library/Frameworks/ApplicationServices.framework/Versions/A/Frameworks/ColorSyncLegacy.framework/Versions/A/ColorSyncLegacy
0x00007ff81c1fe000 	/System/Library/Frameworks/ApplicationServices.framework/Versions/A/Frameworks/SpeechSynthesis.framework/Versions/A/SpeechSynthesis
0x00007ff81b1aa000 	/System/Library/Frameworks/ApplicationServices.framework/Versions/A/Frameworks/ATSUI.framework/Versions/A/ATSUI
0x00007ff81c51f000 	/usr/lib/libcups.2.dylib
0x00007ff81c8e2000 	/System/Library/Frameworks/Kerberos.framework/Versions/A/Kerberos
0x00007ff81c8f1000 	/System/Library/Frameworks/GSS.framework/Versions/A/GSS
0x00007ff81c27a000 	/usr/lib/libresolv.9.dylib
0x00007ff81a700000 	/System/Library/PrivateFrameworks/Heimdal.framework/Versions/A/Heimdal
0x00007ff8233da000 	/System/Library/Frameworks/Kerberos.framework/Versions/A/Libraries/libHeimdalProxy.dylib
0x00007ff814f66000 	/System/Library/Frameworks/Network.framework/Versions/A/Network
0x00007ff81a157000 	/usr/lib/libheimdal-asn1.dylib
0x00007ff81c93d000 	/System/Library/PrivateFrameworks/CommonAuth.framework/Versions/A/CommonAuth
0x00007ff81c17b000 	/System/Library/PrivateFrameworks/AudioSession.framework/Versions/A/AudioSession
0x00007ff81a1e7000 	/System/Library/PrivateFrameworks/MediaExperience.framework/Versions/A/MediaExperience
0x00007ff81c00f000 	/System/Library/PrivateFrameworks/AudioSession.framework/libSessionUtility.dylib
0x00007ff81c59e000 	/System/Library/PrivateFrameworks/AudioResourceArbitration.framework/Versions/A/AudioResourceArbitration
0x00007ff82058f000 	/System/Library/PrivateFrameworks/PowerLog.framework/Versions/A/PowerLog
0x00007ff81a160000 	/System/Library/PrivateFrameworks/IconFoundation.framework/Versions/A/IconFoundation
0x00007ff81f3a9000 	/System/Library/PrivateFrameworks/SpeechRecognitionCore.framework/Versions/A/SpeechRecognitionCore
0x000000010bdf0000 	/System/Library/CoreServices/Encodings/libCyrillicConverter.dylib
0x000000010ce1d000 	/Users/kurdyukov-kir/Library/Java/JavaVirtualMachines/openjdk-17.0.1/Contents/Home/lib/server/libjvm.dylib
0x000000010bdde000 	/Users/kurdyukov-kir/Library/Java/JavaVirtualMachines/openjdk-17.0.1/Contents/Home/lib/libjimage.dylib
0x000000010be6e000 	/Users/kurdyukov-kir/Library/Java/JavaVirtualMachines/openjdk-17.0.1/Contents/Home/lib/libjava.dylib
0x000000010c114000 	/Users/kurdyukov-kir/Library/Java/JavaVirtualMachines/openjdk-17.0.1/Contents/Home/lib/libnio.dylib
0x000000010c14e000 	/Users/kurdyukov-kir/Library/Java/JavaVirtualMachines/openjdk-17.0.1/Contents/Home/lib/libnet.dylib
0x000000010c130000 	/Users/kurdyukov-kir/Library/Java/JavaVirtualMachines/openjdk-17.0.1/Contents/Home/lib/libzip.dylib
0x000000010c16e000 	/Users/kurdyukov-kir/Library/Java/JavaVirtualMachines/openjdk-17.0.1/Contents/Home/lib/libverify.dylib
0x000000010c0f9000 	/Users/kurdyukov-kir/Library/Java/JavaVirtualMachines/openjdk-17.0.1/Contents/Home/lib/libextnet.dylib
0x000000010c186000 	/Users/kurdyukov-kir/Library/Java/JavaVirtualMachines/openjdk-17.0.1/Contents/Home/lib/libmanagement.dylib
0x000000010c195000 	/Users/kurdyukov-kir/Library/Java/JavaVirtualMachines/openjdk-17.0.1/Contents/Home/lib/libmanagement_ext.dylib
0x000000010cc00000 	/Users/kurdyukov-kir/IdeaProjects/async-profiler/build/libasyncProfiler.so


VM Arguments:
jvm_args: --add-modules=jdk.incubator.foreign -Dfile.encoding=UTF-8 -Duser.country=RU -Duser.language=ru -Duser.variant 
java_command: ok.dht.test.kurdyukov.Main
java_class_path (initial): /Users/kurdyukov-kir/IdeaProjects/2022-highload-dht/build/classes/java/main:/Users/kurdyukov-kir/IdeaProjects/2022-highload-dht/build/resources/main:/Users/kurdyukov-kir/.gradle/caches/modules-2/files-2.1/ch.qos.logback/logback-classic/1.4.0/e15fefb8c34de753a6d358d0be5ae16b9928a0bd/logback-classic-1.4.0.jar:/Users/kurdyukov-kir/.gradle/caches/modules-2/files-2.1/org.slf4j/slf4j-api/2.0.0/82b150a36b504a09076b29c0509e31702c9c3999/slf4j-api-2.0.0.jar:/Users/kurdyukov-kir/.gradle/caches/modules-2/files-2.1/com.google.code.findbugs/jsr305/3.0.2/25ea2e8b0c338a877313bd4672d3fe056ea78f0d/jsr305-3.0.2.jar:/Users/kurdyukov-kir/.gradle/caches/modules-2/files-2.1/ru.odnoklassniki/one-nio/1.5.0/67268eca3c3dc5838087ad6cd931d6c6b5de0e2a/one-nio-1.5.0.jar:/Users/kurdyukov-kir/.gradle/caches/modules-2/files-2.1/org.iq80.leveldb/leveldb/0.12/12ea5d0e5640d91695210bfb065562ee969a25ff/leveldb-0.12.jar:/Users/kurdyukov-kir/.gradle/caches/modules-2/files-2.1/org.rocksdb/rocksdbjni/7.5.3/c73dcbe8dabdf62ea54e90d574e1e6332704676/rocksdbjni-7.5.3.jar:/Users/kurdyukov-kir/.gradle/caches/modules-2/files-2.1/ch.qos.logback/logback-core/1.4.0/6d0735943aca5c3218563d951639c3ae738f6b58/logback-core-1.4.0.jar:/Users/kurdyukov-kir/.gradle/caches/modules-2/files-2.1/org.ow2.asm/asm/9.2/81a03f76019c67362299c40e0ba13405f5467bff/asm-9.2.jar:/Users/kurdyukov-kir/.gradle/caches/modules-2/files-2.1/commons-logging/commons-logging/1.2/4bfc12adfe4842bf07b657f0369c4cb522955686/commons-logging-1.2.jar:/Users/kurdyukov-kir/.gradle/caches/modules-2/files-2.1/log4j/log4j/1.2.17/5af35056b4d257e4b64b9e8069c0746e8b08629f/log4j-1.2.17.jar:/Users/kurdyukov-kir/.gradle/caches/modules-2/files-2.1/org.iq80.leveldb/leveldb-api/0.12/c97c934e9de3be7b48f6677385e1294c9ec25cc6/leveldb-api-0.12.jar:/Users/kurdyukov-kir/.gradle/caches/modules-2/files-2.1/com.google.guava/guava/21.0/3a3d111be1be1b745edfa7d91678a12d7ed38709/guava-21.0.jar
Launcher Type: SUN_STANDARD

[Global flags]
     intx CICompilerCount                          = 4                                         {product} {ergonomic}
     uint ConcGCThreads                            = 3                                         {product} {ergonomic}
     uint G1ConcRefinementThreads                  = 10                                        {product} {ergonomic}
   size_t G1HeapRegionSize                         = 4194304                                   {product} {ergonomic}
    uintx GCDrainStackTargetSize                   = 64                                        {product} {ergonomic}
   size_t InitialHeapSize                          = 536870912                                 {product} {ergonomic}
   size_t MarkStackSize                            = 4194304                                   {product} {ergonomic}
   size_t MaxHeapSize                              = 8589934592                                {product} {ergonomic}
   size_t MaxNewSize                               = 5150605312                                {product} {ergonomic}
   size_t MinHeapDeltaBytes                        = 4194304                                   {product} {ergonomic}
   size_t MinHeapSize                              = 8388608                                   {product} {ergonomic}
    uintx NonNMethodCodeHeapSize                   = 5839372                                {pd product} {ergonomic}
    uintx NonProfiledCodeHeapSize                  = 122909434                              {pd product} {ergonomic}
    uintx ProfiledCodeHeapSize                     = 122909434                              {pd product} {ergonomic}
    uintx ReservedCodeCacheSize                    = 251658240                              {pd product} {ergonomic}
     bool SegmentedCodeCache                       = true                                      {product} {ergonomic}
   size_t SoftMaxHeapSize                          = 8589934592                             {manageable} {ergonomic}
     bool UseCompressedClassPointers               = true                           {product lp64_product} {ergonomic}
     bool UseCompressedOops                        = true                           {product lp64_product} {ergonomic}
     bool UseG1GC                                  = true                                      {product} {ergonomic}
     bool UseNUMA                                  = false                                     {product} {ergonomic}
     bool UseNUMAInterleaving                      = false                                     {product} {ergonomic}

Logging:
Log output configuration:
 #0: stdout all=warning,jni+resolve=error uptime,level,tags (reconfigured)
 #1: stderr all=off uptime,level,tags

Environment Variables:
PATH=/Users/kurdyukov-kir/.nvm/versions/node/v14.19.3/bin:/usr/local/bin:/usr/bin:/bin:/usr/sbin:/sbin:/usr/local/munki
SHELL=/bin/zsh
LC_CTYPE=ru_RU.UTF-8

Signal Handlers:
   SIGSEGV: _ZL13crash_handleriP9__siginfoPv in libjvm.dylib, mask=11100110000111110111111111111111, flags=SA_RESTART|SA_SIGINFO
    SIGBUS: _ZL13crash_handleriP9__siginfoPv in libjvm.dylib, mask=11100110000111110111111111111111, flags=SA_RESTART|SA_SIGINFO
    SIGFPE: _ZL13crash_handleriP9__siginfoPv in libjvm.dylib, mask=11100110000111110111111111111111, flags=SA_RESTART|SA_SIGINFO
   SIGPIPE: _ZL17javaSignalHandleriP9__siginfoPv in libjvm.dylib, mask=11100110000111110111111111111111, flags=SA_RESTART|SA_SIGINFO
   SIGXFSZ: _ZL17javaSignalHandleriP9__siginfoPv in libjvm.dylib, mask=11100110000111110111111111111111, flags=SA_RESTART|SA_SIGINFO
    SIGILL: _ZL13crash_handleriP9__siginfoPv in libjvm.dylib, mask=11100110000111110111111111111111, flags=SA_RESTART|SA_SIGINFO
   SIGUSR2: _ZL10SR_handleriP9__siginfoP17__darwin_ucontext in libjvm.dylib, mask=00100000000000000000000000000000, flags=SA_RESTART|SA_SIGINFO
    SIGHUP: _ZL11UserHandleriPvS_ in libjvm.dylib, mask=11100110000111110111111111111111, flags=SA_RESTART|SA_SIGINFO
    SIGINT: _ZL11UserHandleriPvS_ in libjvm.dylib, mask=11100110000111110111111111111111, flags=SA_RESTART|SA_SIGINFO
   SIGTERM: _ZL11UserHandleriPvS_ in libjvm.dylib, mask=11100110000111110111111111111111, flags=SA_RESTART|SA_SIGINFO
   SIGQUIT: _ZL11UserHandleriPvS_ in libjvm.dylib, mask=11100110000111110111111111111111, flags=SA_RESTART|SA_SIGINFO
   SIGTRAP: _ZL13crash_handleriP9__siginfoPv in libjvm.dylib, mask=11100110000111110111111111111111, flags=SA_RESTART|SA_SIGINFO


---------------  S Y S T E M  ---------------

OS:
uname: Darwin 21.2.0 Darwin Kernel Version 21.2.0: Sun Nov 28 20:28:54 PST 2021; root:xnu-8019.61.5~1/RELEASE_X86_64 x86_64
OS uptime: 6 days 14:29 hours
rlimit (soft/hard): STACK 8192k/65532k , CORE 0k/infinity , NPROC 5568/8352 , NOFILE 10240/infinity , AS infinity/infinity , CPU infinity/infinity , DATA infinity/infinity , FSIZE infinity/infinity , MEMLOCK infinity/infinity , RSS infinity/infinity
load average: 3.98 3.51 3.00

CPU: total 12 (initial active 12) (6 cores per cpu, 2 threads per core) family 6 model 158 stepping 10 microcode 0xea, cx8, cmov, fxsr, ht, mmx, 3dnowpref, sse, sse2, sse3, ssse3, sse4.1, sse4.2, popcnt, lzcnt, tsc, tscinvbit, avx, avx2, aes, erms, clmul, bmi1, bmi2, adx, fma, vzeroupper, clflush, clflushopt

Memory: 4k page, physical 33554432k(1428252k free), swap 2097152k(1376000k free)

vm_info: OpenJDK 64-Bit Server VM (17.0.1+12-39) for bsd-amd64 JRE (17.0.1+12-39), built on Sep 27 2021 17:37:19 by "mach5one" with clang Apple LLVM 12.0.0 (clang-1200.0.32.29)

END.
